superkingdom	Archaea	0
superkingdom	Bacteria	0
phylum	Acidobacteria	0
phylum	Actinobacteria	0
phylum	Aquificae	0
phylum	Bacteroidetes	0
phylum	Chlamydiae	0
phylum	Chlorobi	0
phylum	Chloroflexi	0
phylum	Chrysiogenetes	0
phylum	Crenarchaeota	0
phylum	Cyanobacteria	0
phylum	Deferribacteres	0
phylum	Deinococcus-Thermus	0
phylum	Dictyoglomi	0
phylum	Elusimicrobia	0
phylum	Euryarchaeota	0
phylum	Fibrobacteres	0
phylum	Firmicutes	0
phylum	Fusobacteria	0
phylum	Gemmatimonadetes	0
phylum	Korarchaeota	0
phylum	Lentisphaerae	0
phylum	Nanoarchaeota	0
phylum	Nitrospirae	0
phylum	Planctomycetes	0
phylum	Proteobacteria	0
phylum	Spirochaetes	0
phylum	Synergistetes	0
phylum	Tenericutes	0
phylum	Thaumarchaeota	0
phylum	Thermodesulfobacteria	0
phylum	Thermotogae	0
phylum	Verrucomicrobia	0
phylum	undef	0
class	Acidobacteriia	0
class	Actinobacteria	0
class	Alphaproteobacteria	0
class	Anaerolineae	0
class	Aquificae	0
class	Archaeoglobi	0
class	Bacilli	0
class	Bacteroidia	0
class	Betaproteobacteria	0
class	Chlamydiia	0
class	Chlorobia	0
class	Chloroflexi	0
class	Chrysiogenetes	0
class	Clostridia	0
class	Cytophagia	0
class	Deferribacteres	0
class	Dehalococcoidia	0
class	Deinococci	0
class	Deltaproteobacteria	0
class	Dictyoglomia	0
class	Elusimicrobia	0
class	Epsilonproteobacteria	0
class	Erysipelotrichia	0
class	Fibrobacteria	0
class	Flavobacteriia	0
class	Fusobacteriia	0
class	Gammaproteobacteria	0
class	Gemmatimonadetes	0
class	Gloeobacteria	0
class	Halobacteria	0
class	Ktedonobacteria	0
class	Lentisphaeria	0
class	Methanobacteria	0
class	Methanococci	0
class	Methanomicrobia	0
class	Methanopyri	0
class	Mollicutes	0
class	Negativicutes	0
class	Nitrospira	0
class	Opitutae	0
class	Planctomycetia	0
class	Solibacteres	0
class	Spartobacteria	0
class	Sphingobacteriia	0
class	Spirochaetia	0
class	Synergistia	0
class	Thermococci	0
class	Thermodesulfobacteria	0
class	Thermomicrobia	0
class	Thermoplasmata	0
class	Thermoprotei	0
class	Thermotogae	0
class	Verrucomicrobiae	0
class	Zetaproteobacteria	0
class	undef	0
order	Acholeplasmatales	0
order	Acidilobales	0
order	Acidimicrobiales	0
order	Acidithiobacillales	0
order	Acidobacteriales	0
order	Actinomycetales	0
order	Aeromonadales	0
order	Alteromonadales	0
order	Anaerolineales	0
order	Aquificales	0
order	Archaeoglobales	0
order	Bacillales	0
order	Bacteroidales	0
order	Bacteroidetes Order II. Incertae sedis	0
order	Bdellovibrionales	0
order	Bifidobacteriales	0
order	Burkholderiales	0
order	Campylobacterales	0
order	Cardiobacteriales	0
order	Caulobacterales	0
order	Chlamydiales	0
order	Chlorobiales	0
order	Chloroflexales	0
order	Chromatiales	0
order	Chroococcales	0
order	Chrysiogenales	0
order	Clostridiales	0
order	Coriobacteriales	0
order	Cytophagales	0
order	Deferribacterales	0
order	Dehalococcoidales	0
order	Deinococcales	0
order	Desulfarculales	0
order	Desulfobacterales	0
order	Desulfovibrionales	0
order	Desulfurellales	0
order	Desulfurococcales	0
order	Desulfuromonadales	0
order	Dictyoglomales	0
order	Elusimicrobiales	0
order	Enterobacteriales	0
order	Entomoplasmatales	0
order	Erysipelotrichales	0
order	Fibrobacterales	0
order	Flavobacteriales	0
order	Fusobacteriales	0
order	Gallionellales	0
order	Gemmatimonadales	0
order	Gloeobacterales	0
order	Halanaerobiales	0
order	Halobacteriales	0
order	Haloplasmatales	0
order	Herpetosiphonales	0
order	Hydrogenophilales	0
order	Ktedonobacterales	0
order	Lactobacillales	0
order	Legionellales	0
order	Lentisphaerales	0
order	Magnetococcales	0
order	Mariprofundales	0
order	Methanobacteriales	0
order	Methanocellales	0
order	Methanococcales	0
order	Methanomicrobiales	0
order	Methanopyrales	0
order	Methanosarcinales	0
order	Methylacidiphilales	0
order	Methylococcales	0
order	Methylophilales	0
order	Mycoplasmatales	0
order	Myxococcales	0
order	Natranaerobiales	0
order	Nautiliales	0
order	Neisseriales	0
order	Nitrosomonadales	0
order	Nitrosopumilales	0
order	Nitrospirales	0
order	Nostocales	0
order	Oceanospirillales	0
order	Oscillatoriales	0
order	Parvularculales	0
order	Pasteurellales	0
order	Planctomycetales	0
order	Prochlorales	0
order	Pseudomonadales	0
order	Puniceicoccales	0
order	Rhizobiales	0
order	Rhodobacterales	0
order	Rhodocyclales	0
order	Rhodospirillales	0
order	Rickettsiales	0
order	Rubrobacterales	0
order	Salinisphaerales	0
order	Selenomonadales	0
order	Solibacterales	0
order	Solirubrobacterales	0
order	Sphaerobacterales	0
order	Sphingobacteriales	0
order	Sphingomonadales	0
order	Spirochaetales	0
order	Sulfolobales	0
order	Synergistales	0
order	Syntrophobacterales	0
order	Thermales	0
order	Thermoanaerobacterales	0
order	Thermococcales	0
order	Thermodesulfobacteriales	0
order	Thermomicrobiales	0
order	Thermoplasmatales	0
order	Thermoproteales	0
order	Thermotogales	0
order	Thiotrichales	0
order	Verrucomicrobiales	0
order	Vibrionales	0
order	Xanthomonadales	0
order	undef	0
family	Acetobacteraceae	0
family	Acholeplasmataceae	0
family	Acidaminococcaceae	0
family	Acidilobaceae	0
family	Acidimicrobiaceae	0
family	Acidithiobacillaceae	0
family	Acidobacteriaceae	0
family	Acidothermaceae	0
family	Actinomycetaceae	0
family	Aerococcaceae	0
family	Aeromonadaceae	0
family	Alcaligenaceae	0
family	Alcanivoracaceae	0
family	Alicyclobacillaceae	0
family	Alteromonadaceae	0
family	Anaerolineaceae	0
family	Anaplasmataceae	0
family	Aquificaceae	0
family	Archaeoglobaceae	0
family	Aurantimonadaceae	0
family	Bacillaceae	0
family	Bacteriovoracaceae	0
family	Bacteroidaceae	0
family	Bartonellaceae	0
family	Bdellovibrionaceae	0
family	Beijerinckiaceae	0
family	Beutenbergiaceae	0
family	Bifidobacteriaceae	0
family	Blattabacteriaceae	0
family	Brachyspiraceae	0
family	Bradyrhizobiaceae	0
family	Brevibacteriaceae	0
family	Brucellaceae	0
family	Burkholderiaceae	0
family	Campylobacteraceae	0
family	Candidatus Midichloriaceae	0
family	Cardiobacteriaceae	0
family	Carnobacteriaceae	0
family	Catenulisporaceae	0
family	Caulobacteraceae	0
family	Cellulomonadaceae	0
family	Chlamydiaceae	0
family	Chlorobiaceae	0
family	Chloroflexaceae	0
family	Chromatiaceae	0
family	Chrysiogenaceae	0
family	Clostridiaceae	0
family	Clostridiales Family XI. Incertae Sedis	0
family	Clostridiales Family XVII. Incertae Sedis	0
family	Clostridiales Family XVIII. Incertae Sedis	0
family	Colwelliaceae	0
family	Comamonadaceae	0
family	Conexibacteraceae	0
family	Coriobacteriaceae	0
family	Corynebacteriaceae	0
family	Coxiellaceae	0
family	Cryomorphaceae	0
family	Cyclobacteriaceae	0
family	Cystobacteraceae	0
family	Cytophagaceae	0
family	Deferribacteraceae	0
family	Dehalococcoidaceae	0
family	Deinococcaceae	0
family	Dermabacteraceae	0
family	Dermacoccaceae	0
family	Desulfarculaceae	0
family	Desulfobacteraceae	0
family	Desulfobulbaceae	0
family	Desulfohalobiaceae	0
family	Desulfomicrobiaceae	0
family	Desulfovibrionaceae	0
family	Desulfurellaceae	0
family	Desulfurobacteriaceae	0
family	Desulfurococcaceae	0
family	Desulfuromonadaceae	0
family	Dictyoglomaceae	0
family	Ectothiorhodospiraceae	0
family	Elusimicrobiaceae	0
family	Enterobacteriaceae	0
family	Enterococcaceae	0
family	Entomoplasmataceae	0
family	Erysipelotrichaceae	0
family	Erythrobacteraceae	0
family	Eubacteriaceae	0
family	Ferrimonadaceae	0
family	Ferroplasmaceae	0
family	Fibrobacteraceae	0
family	Flammeovirgaceae	0
family	Flavobacteriaceae	0
family	Francisellaceae	0
family	Frankiaceae	0
family	Fusobacteriaceae	0
family	Gallionellaceae	0
family	Gemmatimonadaceae	0
family	Geobacteraceae	0
family	Geodermatophilaceae	0
family	Glycomycetaceae	0
family	Gordoniaceae	0
family	Hahellaceae	0
family	Halanaerobiaceae	0
family	Halobacteriaceae	0
family	Halobacteroidaceae	0
family	Halomonadaceae	0
family	Haloplasmataceae	0
family	Halothiobacillaceae	0
family	Helicobacteraceae	0
family	Heliobacteriaceae	0
family	Herpetosiphonaceae	0
family	Hydrogenophilaceae	0
family	Hydrogenothermaceae	0
family	Hyphomicrobiaceae	0
family	Hyphomonadaceae	0
family	Idiomarinaceae	0
family	Intrasporangiaceae	0
family	Jonesiaceae	0
family	Kineosporiaceae	0
family	Kofleriaceae	0
family	Ktedonobacteraceae	0
family	Lachnospiraceae	0
family	Lactobacillaceae	0
family	Legionellaceae	0
family	Lentisphaeraceae	0
family	Leptospiraceae	0
family	Leptotrichiaceae	0
family	Leuconostocaceae	0
family	Listeriaceae	0
family	Magnetococcaceae	0
family	Mariprofundaceae	0
family	Methanobacteriaceae	0
family	Methanocaldococcaceae	0
family	Methanocellaceae	0
family	Methanococcaceae	0
family	Methanocorpusculaceae	0
family	Methanomicrobiaceae	0
family	Methanopyraceae	0
family	Methanoregulaceae	0
family	Methanosaetaceae	0
family	Methanosarcinaceae	0
family	Methanospirillaceae	0
family	Methanothermaceae	0
family	Methylacidiphilaceae	0
family	Methylobacteriaceae	0
family	Methylococcaceae	0
family	Methylocystaceae	0
family	Methylophilaceae	0
family	Microbacteriaceae	0
family	Micrococcaceae	0
family	Micromonosporaceae	0
family	Moraxellaceae	0
family	Moritellaceae	0
family	Mycobacteriaceae	0
family	Mycoplasmataceae	0
family	Myxococcaceae	0
family	Nakamurellaceae	0
family	Nannocystaceae	0
family	Natranaerobiaceae	0
family	Nautiliaceae	0
family	Neisseriaceae	0
family	Nitrosomonadaceae	0
family	Nitrosopumilaceae	0
family	Nitrospiraceae	0
family	Nocardiaceae	0
family	Nocardioidaceae	0
family	Nocardiopsaceae	0
family	Nostocaceae	0
family	Oceanospirillaceae	0
family	Opitutaceae	0
family	Oscillochloridaceae	0
family	Oscillospiraceae	0
family	Oxalobacteraceae	0
family	Paenibacillaceae	0
family	Parachlamydiaceae	0
family	Parvularculaceae	0
family	Pasteurellaceae	0
family	Pelobacteraceae	0
family	Peptococcaceae	0
family	Peptostreptococcaceae	0
family	Phyllobacteriaceae	0
family	Picrophilaceae	0
family	Piscirickettsiaceae	0
family	Planctomycetaceae	0
family	Planococcaceae	0
family	Polyangiaceae	0
family	Porphyromonadaceae	0
family	Prevotellaceae	0
family	Prochlorococcaceae	0
family	Promicromonosporaceae	0
family	Propionibacteriaceae	0
family	Pseudoalteromonadaceae	0
family	Pseudomonadaceae	0
family	Pseudonocardiaceae	0
family	Psychromonadaceae	0
family	Puniceicoccaceae	0
family	Pyrodictiaceae	0
family	Rhizobiaceae	0
family	Rhodobacteraceae	0
family	Rhodobiaceae	0
family	Rhodocyclaceae	0
family	Rhodospirillaceae	0
family	Rhodothermaceae	0
family	Rickettsiaceae	0
family	Rikenellaceae	0
family	Rubrobacteraceae	0
family	Ruminococcaceae	0
family	Salinisphaeraceae	0
family	Sanguibacteraceae	0
family	Saprospiraceae	0
family	Segniliparaceae	0
family	Shewanellaceae	0
family	Simkaniaceae	0
family	Solibacteraceae	0
family	Sphaerobacteraceae	0
family	Sphingobacteriaceae	0
family	Sphingomonadaceae	0
family	Spirochaetaceae	0
family	Staphylococcaceae	0
family	Streptococcaceae	0
family	Streptomycetaceae	0
family	Streptosporangiaceae	0
family	Succinivibrionaceae	0
family	Sulfolobaceae	0
family	Sutterellaceae	0
family	Synergistaceae	0
family	Syntrophaceae	0
family	Syntrophobacteraceae	0
family	Syntrophomonadaceae	0
family	Thermaceae	0
family	Thermoactinomycetaceae	0
family	Thermoanaerobacteraceae	0
family	Thermoanaerobacterales Family III. Incertae Sedis	0
family	Thermoanaerobacterales Family IV. Incertae Sedis	0
family	Thermococcaceae	0
family	Thermodesulfobacteriaceae	0
family	Thermodesulfobiaceae	0
family	Thermofilaceae	0
family	Thermomicrobiaceae	0
family	Thermomonosporaceae	0
family	Thermoplasmataceae	0
family	Thermoproteaceae	0
family	Thermotogaceae	0
family	Trueperaceae	0
family	Tsukamurellaceae	0
family	Veillonellaceae	0
family	Verrucomicrobia subdivision 3	0
family	Verrucomicrobiaceae	0
family	Vibrionaceae	0
family	Victivallaceae	0
family	Waddliaceae	0
family	Xanthobacteraceae	0
family	Xanthomonadaceae	0
family	undef	0
genus	Abiotrophia	0
genus	Acaryochloris	0
genus	Acetivibrio	0
genus	Acetobacter	0
genus	Acetobacterium	0
genus	Acetohalobium	0
genus	Acetonema	0
genus	Acholeplasma	0
genus	Achromobacter	0
genus	Acidaminococcus	0
genus	Acidianus	0
genus	Acidilobus	0
genus	Acidimicrobium	0
genus	Acidiphilium	0
genus	Acidithiobacillus	0
genus	Acidobacterium	0
genus	Acidothermus	0
genus	Acidovorax	0
genus	Aciduliprofundum	0
genus	Acinetobacter	0
genus	Actinobacillus	0
genus	Actinomyces	0
genus	Actinoplanes	0
genus	Actinosynnema	0
genus	Aerococcus	0
genus	Aeromicrobium	0
genus	Aeromonas	0
genus	Aeropyrum	0
genus	Afipia	0
genus	Aggregatibacter	0
genus	Agrobacterium	0
genus	Ahrensia	0
genus	Akkermansia	0
genus	Albidiferax	0
genus	Alcanivorax	0
genus	Algoriphagus	0
genus	Alicycliphilus	0
genus	Alicyclobacillus	0
genus	Aliivibrio	0
genus	Alistipes	0
genus	Alkalilimnicola	0
genus	Alkaliphilus	0
genus	Allochromatium	0
genus	Alloprevotella	0
genus	Alteromonas	0
genus	Aminobacterium	0
genus	Aminomonas	0
genus	Ammonifex	0
genus	Amycolatopsis	0
genus	Amycolicicoccus	0
genus	Anabaena	0
genus	Anaerobaculum	0
genus	Anaerococcus	0
genus	Anaerofustis	0
genus	Anaerolinea	0
genus	Anaeromyxobacter	0
genus	Anaerostipes	0
genus	Anaerotruncus	0
genus	Anaplasma	0
genus	Anoxybacillus	0
genus	Aquifex	0
genus	Arcanobacterium	0
genus	Archaeoglobus	0
genus	Arcobacter	0
genus	Aromatoleum	0
genus	Arthrobacter	0
genus	Arthrospira	0
genus	Asticcacaulis	0
genus	Atopobium	0
genus	Aurantimonas	0
genus	Azoarcus	0
genus	Azorhizobium	0
genus	Azospira	0
genus	Azospirillum	0
genus	Azotobacter	0
genus	Bacillus	0
genus	Bacteriovorax	0
genus	Bacteroides	0
genus	Bartonella	0
genus	Basfia	0
genus	Bdellovibrio	0
genus	Beijerinckia	0
genus	Bermanella	0
genus	Beutenbergia	0
genus	Bifidobacterium	0
genus	Bilophila	0
genus	Bizionia	0
genus	Blastopirellula	0
genus	Blattabacterium	0
genus	Blautia	0
genus	Bordetella	0
genus	Borrelia	0
genus	Brachybacterium	0
genus	Brachyspira	0
genus	Bradyrhizobium	0
genus	Brevibacillus	0
genus	Brevibacterium	0
genus	Brevundimonas	0
genus	Brucella	0
genus	Buchnera	0
genus	Bulleidia	0
genus	Burkholderia	0
genus	Butyrivibrio	0
genus	Caldalkalibacillus	0
genus	Caldanaerobacter	0
genus	Caldicellulosiruptor	0
genus	Calditerrivibrio	0
genus	Caldivirga	0
genus	Caminibacter	0
genus	Campylobacter	0
genus	Candidatus Accumulibacter	0
genus	Candidatus Amoebophilus	0
genus	Candidatus Arthromitus	0
genus	Candidatus Azobacteroides	0
genus	Candidatus Blochmannia	0
genus	Candidatus Carsonella	0
genus	Candidatus Chloracidobacterium	0
genus	Candidatus Desulforudis	0
genus	Candidatus Hamiltonella	0
genus	Candidatus Hodgkinia	0
genus	Candidatus Korarchaeum	0
genus	Candidatus Koribacter	0
genus	Candidatus Liberibacter	0
genus	Candidatus Midichloria	0
genus	Candidatus Moranella	0
genus	Candidatus Nitrosoarchaeum	0
genus	Candidatus Odyssella	0
genus	Candidatus Pelagibacter	0
genus	Candidatus Phytoplasma	0
genus	Candidatus Protochlamydia	0
genus	Candidatus Puniceispirillum	0
genus	Candidatus Regiella	0
genus	Candidatus Riesia	0
genus	Candidatus Solibacter	0
genus	Candidatus Sulcia	0
genus	Candidatus Tremblaya	0
genus	Candidatus Zinderia	0
genus	Capnocytophaga	0
genus	Carboxydothermus	0
genus	Cardiobacterium	0
genus	Carnobacterium	0
genus	Catenulispora	0
genus	Catonella	0
genus	Caulobacter	0
genus	Cellulomonas	0
genus	Cellulophaga	0
genus	Cellulosilyticum	0
genus	Cellvibrio	0
genus	Centipeda	0
genus	Chelativorans	0
genus	Chitinophaga	0
genus	Chlamydia	0
genus	Chlamydophila	0
genus	Chlorobaculum	0
genus	Chlorobium	0
genus	Chloroflexus	0
genus	Chloroherpeton	0
genus	Chromobacterium	0
genus	Chromohalobacter	0
genus	Chryseobacterium	0
genus	Chthoniobacter	0
genus	Citreicella	0
genus	Citrobacter	0
genus	Citromicrobium	0
genus	Clavibacter	0
genus	Clostridium	0
genus	Coleofasciculus	0
genus	Collimonas	0
genus	Collinsella	0
genus	Colwellia	0
genus	Comamonas	0
genus	Conexibacter	0
genus	Congregibacter	0
genus	Coprobacillus	0
genus	Coprococcus	0
genus	Coprothermobacter	0
genus	Coraliomargarita	0
genus	Coriobacterium	0
genus	Corynebacterium	0
genus	Coxiella	0
genus	Croceibacter	0
genus	Cronobacter	0
genus	Cryptobacterium	0
genus	Cupriavidus	0
genus	Cyanobium	0
genus	Cyanothece	0
genus	Cyclobacterium	0
genus	Cylindrospermopsis	0
genus	Cytophaga	0
genus	Dechloromonas	0
genus	Deferribacter	0
genus	Dehalococcoides	0
genus	Dehalogenimonas	0
genus	Deinococcus	0
genus	Delftia	0
genus	Denitrovibrio	0
genus	Dermacoccus	0
genus	Desmospora	0
genus	Desulfarculus	0
genus	Desulfatibacillum	0
genus	Desulfitobacterium	0
genus	Desulfobacca	0
genus	Desulfobacterium	0
genus	Desulfobulbus	0
genus	Desulfococcus	0
genus	Desulfohalobium	0
genus	Desulfomicrobium	0
genus	Desulfonatronospira	0
genus	Desulfosporosinus	0
genus	Desulfotalea	0
genus	Desulfotomaculum	0
genus	Desulfovibrio	0
genus	Desulfurispirillum	0
genus	Desulfurivibrio	0
genus	Desulfurobacterium	0
genus	Desulfurococcus	0
genus	Desulfuromonas	0
genus	Dethiobacter	0
genus	Dethiosulfovibrio	0
genus	Dialister	0
genus	Dichelobacter	0
genus	Dickeya	0
genus	Dictyoglomus	0
genus	Dinoroseobacter	0
genus	Dokdonia	0
genus	Dorea	0
genus	Dyadobacter	0
genus	Dysgonomonas	0
genus	Edwardsiella	0
genus	Eggerthella	0
genus	Ehrlichia	0
genus	Eikenella	0
genus	Elusimicrobium	0
genus	Enhydrobacter	0
genus	Enterobacter	0
genus	Enterococcus	0
genus	Epulopiscium	0
genus	Eremococcus	0
genus	Erwinia	0
genus	Erysipelothrix	0
genus	Erythrobacter	0
genus	Escherichia	0
genus	Ethanoligenens	0
genus	Eubacterium	0
genus	Exiguobacterium	0
genus	Faecalibacterium	0
genus	Ferrimonas	0
genus	Ferroglobus	0
genus	Ferroplasma	0
genus	Fervidobacterium	0
genus	Fibrobacter	0
genus	Filifactor	0
genus	Finegoldia	0
genus	Flavobacterium	0
genus	Flexistipes	0
genus	Fluviicola	0
genus	Francisella	0
genus	Frankia	0
genus	Fructobacillus	0
genus	Fulvimarina	0
genus	Fusobacterium	0
genus	Gallibacterium	0
genus	Gallionella	0
genus	Gardnerella	0
genus	Gemella	0
genus	Gemmatimonas	0
genus	Geobacillus	0
genus	Geobacter	0
genus	Geodermatophilus	0
genus	Glaciecola	0
genus	Gloeobacter	0
genus	Gluconacetobacter	0
genus	Gluconobacter	0
genus	Gordonia	0
genus	Gramella	0
genus	Granulibacter	0
genus	Granulicatella	0
genus	Granulicella	0
genus	Grimontia	0
genus	Haemophilus	0
genus	Hahella	0
genus	Haladaptatus	0
genus	Halalkalicoccus	0
genus	Halanaerobium	0
genus	Haliangium	0
genus	Haliscomenobacter	0
genus	Haloarcula	0
genus	Halobacterium	0
genus	Haloferax	0
genus	Halogeometricum	0
genus	Halomicrobium	0
genus	Halomonas	0
genus	Halopiger	0
genus	Haloplasma	0
genus	Haloquadratum	0
genus	Halorhabdus	0
genus	Halorhodospira	0
genus	Halorubrum	0
genus	Haloterrigena	0
genus	Halothermothrix	0
genus	Halothiobacillus	0
genus	Helicobacter	0
genus	Heliobacterium	0
genus	Herbaspirillum	0
genus	Herminiimonas	0
genus	Herpetosiphon	0
genus	Hippea	0
genus	Hirschia	0
genus	Histophilus	0
genus	Hoeflea	0
genus	Holdemania	0
genus	Hydrogenobacter	0
genus	Hydrogenobaculum	0
genus	Hylemonella	0
genus	Hyperthermus	0
genus	Hyphomicrobium	0
genus	Hyphomonas	0
genus	Idiomarina	0
genus	Ignicoccus	0
genus	Ignisphaera	0
genus	Ilyobacter	0
genus	Intrasporangium	0
genus	Isoptericola	0
genus	Isosphaera	0
genus	Janibacter	0
genus	Jannaschia	0
genus	Janthinobacterium	0
genus	Jonesia	0
genus	Jonquetella	0
genus	Kangiella	0
genus	Ketogulonicigenium	0
genus	Kineococcus	0
genus	Kingella	0
genus	Kitasatospora	0
genus	Klebsiella	0
genus	Kocuria	0
genus	Kordia	0
genus	Kosmotoga	0
genus	Kribbella	0
genus	Krokinobacter	0
genus	Ktedonobacter	0
genus	Kyrpidia	0
genus	Kytococcus	0
genus	Labrenzia	0
genus	Lachnoanaerobaculum	0
genus	Lacinutrix	0
genus	Lactobacillus	0
genus	Lactococcus	0
genus	Laribacter	0
genus	Lautropia	0
genus	Lawsonia	0
genus	Leadbetterella	0
genus	Leeuwenhoekiella	0
genus	Legionella	0
genus	Leifsonia	0
genus	Lentisphaera	0
genus	Leptospira	0
genus	Leptothrix	0
genus	Leptotrichia	0
genus	Leuconostoc	0
genus	Limnobacter	0
genus	Listeria	0
genus	Loktanella	0
genus	Luminiphilus	0
genus	Lyngbya	0
genus	Lysinibacillus	0
genus	Macrococcus	0
genus	Magnetococcus	0
genus	Magnetospirillum	0
genus	Mahella	0
genus	Mannheimia	0
genus	Maribacter	0
genus	Maricaulis	0
genus	Marichromatium	0
genus	Marinithermus	0
genus	Marinitoga	0
genus	Marinobacter	0
genus	Marinomonas	0
genus	Mariprofundus	0
genus	Maritimibacter	0
genus	Marivirga	0
genus	Marvinbryantia	0
genus	Megasphaera	0
genus	Meiothermus	0
genus	Melissococcus	0
genus	Mesoplasma	0
genus	Mesorhizobium	0
genus	Mesotoga	0
genus	Metallosphaera	0
genus	Methanobacterium	0
genus	Methanobrevibacter	0
genus	Methanocaldococcus	0
genus	Methanocella	0
genus	Methanococcoides	0
genus	Methanococcus	0
genus	Methanocorpusculum	0
genus	Methanoculleus	0
genus	Methanohalobium	0
genus	Methanohalophilus	0
genus	Methanoplanus	0
genus	Methanopyrus	0
genus	Methanoregula	0
genus	Methanosaeta	0
genus	Methanosalsum	0
genus	Methanosarcina	0
genus	Methanosphaera	0
genus	Methanosphaerula	0
genus	Methanospirillum	0
genus	Methanothermobacter	0
genus	Methanothermococcus	0
genus	Methanothermus	0
genus	Methanotorris	0
genus	Methylacidiphilum	0
genus	Methylibium	0
genus	Methylobacillus	0
genus	Methylobacter	0
genus	Methylobacterium	0
genus	Methylocella	0
genus	Methylococcus	0
genus	Methylocystis	0
genus	Methylomonas	0
genus	Methylophaga	0
genus	Methylosinus	0
genus	Methylotenera	0
genus	Methyloversatilis	0
genus	Methylovorus	0
genus	Micavibrio	0
genus	Microbacterium	0
genus	Micrococcus	0
genus	Microcoleus	0
genus	Microcystis	0
genus	Microlunatus	0
genus	Micromonospora	0
genus	Microscilla	0
genus	Mitsuokella	0
genus	Mobiluncus	0
genus	Moorea	0
genus	Moorella	0
genus	Moraxella	0
genus	Moritella	0
genus	Mucilaginibacter	0
genus	Muricauda	0
genus	Mycobacterium	0
genus	Mycoplasma	0
genus	Myxococcus	0
genus	Nakamurella	0
genus	Nanoarchaeum	0
genus	Natranaerobius	0
genus	Natrialba	0
genus	Natronomonas	0
genus	Nautilia	0
genus	Neisseria	0
genus	Neorickettsia	0
genus	Neptuniibacter	0
genus	Niastella	0
genus	Nitratifractor	0
genus	Nitratiruptor	0
genus	Nitrobacter	0
genus	Nitrococcus	0
genus	Nitrosococcus	0
genus	Nitrosomonas	0
genus	Nitrosopumilus	0
genus	Nitrosospira	0
genus	Nitrospira	0
genus	Nocardia	0
genus	Nocardioides	0
genus	Nocardiopsis	0
genus	Nodularia	0
genus	Nostoc	0
genus	Novosphingobium	0
genus	Oceanibulbus	0
genus	Oceanicaulis	0
genus	Oceanicola	0
genus	Oceanimonas	0
genus	Oceanithermus	0
genus	Oceanobacillus	0
genus	Ochrobactrum	0
genus	Octadecabacter	0
genus	Odoribacter	0
genus	Oenococcus	0
genus	Oligotropha	0
genus	Olsenella	0
genus	Opitutus	0
genus	Oribacterium	0
genus	Orientia	0
genus	Ornithinibacillus	0
genus	Oscillibacter	0
genus	Oscillochloris	0
genus	Owenweeksia	0
genus	Oxalobacter	0
genus	Paenibacillus	0
genus	Paludibacter	0
genus	Pantoea	0
genus	Parabacteroides	0
genus	Parachlamydia	0
genus	Paracoccus	0
genus	Paraprevotella	0
genus	Parascardovia	0
genus	Parasutterella	0
genus	Parvibaculum	0
genus	Parvimonas	0
genus	Parvularcula	0
genus	Pasteurella	0
genus	Pectobacterium	0
genus	Pediococcus	0
genus	Pedobacter	0
genus	Pedosphaera	0
genus	Pelagibaca	0
genus	Pelagibacterium	0
genus	Pelobacter	0
genus	Pelodictyon	0
genus	Pelotomaculum	0
genus	Peptoniphilus	0
genus	Peptostreptococcus	0
genus	Persephonella	0
genus	Petrotoga	0
genus	Phaeobacter	0
genus	Phascolarctobacterium	0
genus	Phenylobacterium	0
genus	Photobacterium	0
genus	Photorhabdus	0
genus	Picrophilus	0
genus	Pirellula	0
genus	Planctomyces	0
genus	Planococcus	0
genus	Plesiocystis	0
genus	Polaribacter	0
genus	Polaromonas	0
genus	Polynucleobacter	0
genus	Porphyromonas	0
genus	Prevotella	0
genus	Prochlorococcus	0
genus	Propionibacterium	0
genus	Prosthecochloris	0
genus	Proteus	0
genus	Providencia	0
genus	Pseudoalteromonas	0
genus	Pseudoflavonifractor	0
genus	Pseudogulbenkiania	0
genus	Pseudomonas	0
genus	Pseudonocardia	0
genus	Pseudoramibacter	0
genus	Pseudovibrio	0
genus	Pseudoxanthomonas	0
genus	Psychrobacter	0
genus	Psychroflexus	0
genus	Psychromonas	0
genus	Pusillimonas	0
genus	Pyramidobacter	0
genus	Pyrobaculum	0
genus	Pyrococcus	0
genus	Pyrolobus	0
genus	Rahnella	0
genus	Ralstonia	0
genus	Ramlibacter	0
genus	Raphidiopsis	0
genus	Reinekea	0
genus	Renibacterium	0
genus	Rheinheimera	0
genus	Rhizobium	0
genus	Rhodobacter	0
genus	Rhodococcus	0
genus	Rhodomicrobium	0
genus	Rhodopirellula	0
genus	Rhodopseudomonas	0
genus	Rhodospirillum	0
genus	Rhodothermus	0
genus	Rickettsia	0
genus	Rickettsiella	0
genus	Riemerella	0
genus	Robiginitalea	0
genus	Roseburia	0
genus	Roseibium	0
genus	Roseiflexus	0
genus	Roseobacter	0
genus	Roseovarius	0
genus	Rothia	0
genus	Rubrivivax	0
genus	Rubrobacter	0
genus	Ruegeria	0
genus	Ruminococcus	0
genus	Runella	0
genus	Saccharomonospora	0
genus	Saccharophagus	0
genus	Saccharopolyspora	0
genus	Sagittula	0
genus	Salinibacter	0
genus	Salinisphaera	0
genus	Salinispora	0
genus	Salmonella	0
genus	Sanguibacter	0
genus	Scardovia	0
genus	Sebaldella	0
genus	Segniliparus	0
genus	Selenomonas	0
genus	Serratia	0
genus	Shewanella	0
genus	Shigella	0
genus	Shuttleworthia	0
genus	Sideroxydans	0
genus	Simkania	0
genus	Simonsiella	0
genus	Sinorhizobium	0
genus	Slackia	0
genus	Sodalis	0
genus	Solobacterium	0
genus	Sorangium	0
genus	Sphaerobacter	0
genus	Sphaerochaeta	0
genus	Sphingobacterium	0
genus	Sphingobium	0
genus	Sphingomonas	0
genus	Sphingopyxis	0
genus	Spirochaeta	0
genus	Spirosoma	0
genus	Sporosarcina	0
genus	Stackebrandtia	0
genus	Staphylococcus	0
genus	Staphylothermus	0
genus	Starkeya	0
genus	Stenotrophomonas	0
genus	Stigmatella	0
genus	Streptobacillus	0
genus	Streptococcus	0
genus	Streptomyces	0
genus	Streptosporangium	0
genus	Subdoligranulum	0
genus	Succinatimonas	0
genus	Sulfitobacter	0
genus	Sulfobacillus	0
genus	Sulfolobus	0
genus	Sulfuricurvum	0
genus	Sulfurihydrogenibium	0
genus	Sulfurimonas	0
genus	Sulfurospirillum	0
genus	Sulfurovum	0
genus	Sutterella	0
genus	Symbiobacterium	0
genus	Synechococcus	0
genus	Synechocystis	0
genus	Syntrophobacter	0
genus	Syntrophobotulus	0
genus	Syntrophomonas	0
genus	Syntrophothermus	0
genus	Syntrophus	0
genus	Tannerella	0
genus	Taylorella	0
genus	Tepidanaerobacter	0
genus	Teredinibacter	0
genus	Terriglobus	0
genus	Tetragenococcus	0
genus	Thalassobium	0
genus	Thauera	0
genus	Thermaerobacter	0
genus	Thermanaerovibrio	0
genus	Thermincola	0
genus	Thermoanaerobacter	0
genus	Thermoanaerobacterium	0
genus	Thermobaculum	0
genus	Thermobifida	0
genus	Thermobispora	0
genus	Thermococcus	0
genus	Thermocrinis	0
genus	Thermodesulfatator	0
genus	Thermodesulfobacterium	0
genus	Thermodesulfobium	0
genus	Thermodesulfovibrio	0
genus	Thermofilum	0
genus	Thermomicrobium	0
genus	Thermomonospora	0
genus	Thermoplasma	0
genus	Thermoproteus	0
genus	Thermosediminibacter	0
genus	Thermosinus	0
genus	Thermosipho	0
genus	Thermosphaera	0
genus	Thermosynechococcus	0
genus	Thermotoga	0
genus	Thermovibrio	0
genus	Thermovirga	0
genus	Thermus	0
genus	Thioalkalimicrobium	0
genus	Thioalkalivibrio	0
genus	Thiobacillus	0
genus	Thiomicrospira	0
genus	Thiomonas	0
genus	Tolumonas	0
genus	Treponema	0
genus	Trichodesmium	0
genus	Trichormus	0
genus	Tropheryma	0
genus	Truepera	0
genus	Tsukamurella	0
genus	Turicibacter	0
genus	Ureaplasma	0
genus	Variovorax	0
genus	Veillonella	0
genus	Verminephrobacter	0
genus	Verrucomicrobium	0
genus	Verrucosispora	0
genus	Vibrio	0
genus	Victivallis	0
genus	Vulcanisaeta	0
genus	Waddlia	0
genus	Weeksella	0
genus	Weissella	0
genus	Wigglesworthia	0
genus	Wolbachia	0
genus	Wolinella	0
genus	Xanthobacter	0
genus	Xanthomonas	0
genus	Xenorhabdus	0
genus	Xylanimonas	0
genus	Xylella	0
genus	Yersinia	0
genus	Zunongwangia	0
genus	Zymomonas	0
genus	undef	0
species	Abiotrophia defectiva	0
species	Acaryochloris marina	0
species	Acetivibrio cellulolyticus	0
species	Acetobacter pasteurianus	0
species	Acetobacter pomorum	0
species	Acetobacterium woodii	0
species	Acetohalobium arabaticum	0
species	Acetonema longum	0
species	Acholeplasma laidlawii	0
species	Achromobacter piechaudii	0
species	Achromobacter xylosoxidans	0
species	Acidaminococcus fermentans	0
species	Acidaminococcus intestini	0
species	Acidaminococcus sp. D21	0
species	Acidianus hospitalis	0
species	Acidilobus saccharovorans	0
species	Acidimicrobium ferrooxidans	0
species	Acidiphilium cryptum	0
species	Acidiphilium multivorum	0
species	Acidithiobacillus caldus	0
species	Acidithiobacillus ferrivorans	0
species	Acidithiobacillus ferrooxidans	0
species	Acidobacterium capsulatum	0
species	Acidothermus cellulolyticus	0
species	Acidovorax avenae	0
species	Acidovorax citrulli	0
species	Acidovorax ebreus	0
species	Acidovorax sp. JS42	0
species	Aciduliprofundum boonei	0
species	Acinetobacter baumannii	0
species	Acinetobacter calcoaceticus	0
species	Acinetobacter haemolyticus	0
species	Acinetobacter johnsonii	0
species	Acinetobacter junii	0
species	Acinetobacter lwoffii	0
species	Acinetobacter nosocomialis	0
species	Acinetobacter oleivorans	0
species	Acinetobacter pittii	0
species	Acinetobacter radioresistens	0
species	Acinetobacter sp. ADP1	0
species	Acinetobacter sp. ATCC 27244	0
species	Actinobacillus minor	0
species	Actinobacillus pleuropneumoniae	0
species	Actinobacillus succinogenes	0
species	Actinobacillus ureae	0
species	Actinomyces coleocanis	0
species	Actinomyces odontolyticus	0
species	Actinomyces sp. oral taxon 170	0
species	Actinomyces sp. oral taxon 175	0
species	Actinomyces sp. oral taxon 180	0
species	Actinomyces sp. oral taxon 448	0
species	Actinomyces sp. oral taxon 848	0
species	Actinomyces urogenitalis	0
species	Actinomyces viscosus	0
species	Actinoplanes sp. SE50/110	0
species	Actinosynnema mirum	0
species	Aerococcus urinae	0
species	Aerococcus viridans	0
species	Aeromicrobium marinum	0
species	Aeromonas caviae	0
species	Aeromonas hydrophila	0
species	Aeromonas salmonicida	0
species	Aeromonas veronii	0
species	Aeropyrum pernix	0
species	Afipia sp. 1NLS2	0
species	Aggregatibacter actinomycetemcomitans	0
species	Aggregatibacter aphrophilus	0
species	Aggregatibacter segnis	0
species	Agrobacterium fabrum	0
species	Agrobacterium sp. ATCC 31749	0
species	Agrobacterium sp. H13-3	0
species	Agrobacterium tumefaciens	0
species	Agrobacterium vitis	0
species	Ahrensia sp. R2A130	0
species	Akkermansia muciniphila	0
species	Albidiferax ferrireducens	0
species	Alcanivorax borkumensis	0
species	Alcanivorax sp. DG881	0
species	Algoriphagus sp. PR1	0
species	Alicycliphilus denitrificans	0
species	Alicyclobacillus acidocaldarius	0
species	Aliivibrio fischeri	0
species	Aliivibrio salmonicida	0
species	Alistipes putredinis	0
species	Alistipes shahii	0
species	Alistipes sp. HGB5	0
species	Alkalilimnicola ehrlichii	0
species	Alkaliphilus metalliredigens	0
species	Alkaliphilus oremlandii	0
species	Allochromatium vinosum	0
species	Alloprevotella tannerae	0
species	Alteromonadales bacterium TW-7	0
species	Alteromonas macleodii	0
species	Alteromonas sp. SN2	0
species	Aminobacterium colombiense	0
species	Aminomonas paucivorans	0
species	Ammonifex degensii	0
species	Amycolatopsis mediterranei	0
species	Amycolicicoccus subflavus	0
species	Anabaena variabilis	0
species	Anaerobaculum hydrogeniformans	0
species	Anaerococcus hydrogenalis	0
species	Anaerococcus lactolyticus	0
species	Anaerococcus prevotii	0
species	Anaerococcus tetradius	0
species	Anaerococcus vaginalis	0
species	Anaerofustis stercorihominis	0
species	Anaerolinea thermophila	0
species	Anaeromyxobacter dehalogenans	0
species	Anaeromyxobacter sp. Fw109-5	0
species	Anaeromyxobacter sp. K	0
species	Anaerostipes caccae	0
species	Anaerostipes sp. 3_2_56FAA	0
species	Anaerotruncus colihominis	0
species	Anaplasma centrale	0
species	Anaplasma marginale	0
species	Anaplasma phagocytophilum	0
species	Anoxybacillus flavithermus	0
species	Aquifex aeolicus	0
species	Arcanobacterium haemolyticum	0
species	Archaeoglobus fulgidus	0
species	Archaeoglobus profundus	0
species	Archaeoglobus veneficus	0
species	Arcobacter butzleri	0
species	Arcobacter nitrofigilis	0
species	Arcobacter sp. L	0
species	Aromatoleum aromaticum	0
species	Arthrobacter arilaitensis	0
species	Arthrobacter aurescens	0
species	Arthrobacter chlorophenolicus	0
species	Arthrobacter phenanthrenivorans	0
species	Arthrobacter sp. FB24	0
species	Arthrospira maxima	0
species	Arthrospira platensis	0
species	Aster yellows witches'-broom phytoplasma	0
species	Asticcacaulis biprosthecium	0
species	Asticcacaulis excentricus	0
species	Atopobium parvulum	0
species	Atopobium rimae	0
species	Atopobium vaginae	0
species	Aurantimonas manganoxydans	0
species	Azoarcus sp. BH72	0
species	Azorhizobium caulinodans	0
species	Azospira oryzae	0
species	Azospirillum brasilense	0
species	Azospirillum lipoferum	0
species	Azotobacter vinelandii	0
species	Bacillus amyloliquefaciens	0
species	Bacillus anthracis	0
species	Bacillus atrophaeus	0
species	Bacillus cellulosilyticus	0
species	Bacillus cereus	0
species	Bacillus clausii	0
species	Bacillus coagulans	0
species	Bacillus coahuilensis	0
species	Bacillus cytotoxicus	0
species	Bacillus halodurans	0
species	Bacillus licheniformis	0
species	Bacillus megaterium	0
species	Bacillus mycoides	0
species	Bacillus pseudofirmus	0
species	Bacillus pumilus	0
species	Bacillus selenitireducens	0
species	Bacillus sp. 2_A_57_CT2	0
species	Bacillus sp. B14905	0
species	Bacillus sp. BT1B_CT2	0
species	Bacillus sp. NRRL B-14911	0
species	Bacillus sp. m3-13	0
species	Bacillus subtilis	0
species	Bacillus thuringiensis	0
species	Bacillus weihenstephanensis	0
species	Bacteriovorax marinus	0
species	Bacteroides caccae	0
species	Bacteroides clarus	0
species	Bacteroides coprocola	0
species	Bacteroides coprophilus	0
species	Bacteroides coprosuis	0
species	Bacteroides dorei	0
species	Bacteroides eggerthii	0
species	Bacteroides finegoldii	0
species	Bacteroides fluxus	0
species	Bacteroides fragilis	0
species	Bacteroides helcogenes	0
species	Bacteroides intestinalis	0
species	Bacteroides ovatus	0
species	Bacteroides pectinophilus	0
species	Bacteroides plebeius	0
species	Bacteroides salanitronis	0
species	Bacteroides sp. 1_1_14	0
species	Bacteroides sp. 1_1_30	0
species	Bacteroides sp. 1_1_6	0
species	Bacteroides sp. 20_3	0
species	Bacteroides sp. 2_1_16	0
species	Bacteroides sp. 2_1_22	0
species	Bacteroides sp. 2_1_33B	0
species	Bacteroides sp. 2_1_56FAA	0
species	Bacteroides sp. 2_1_7	0
species	Bacteroides sp. 2_2_4	0
species	Bacteroides sp. 3_1_19	0
species	Bacteroides sp. 3_1_23	0
species	Bacteroides sp. 3_1_33FAA	0
species	Bacteroides sp. 3_1_40A	0
species	Bacteroides sp. 3_2_5	0
species	Bacteroides sp. 4_1_36	0
species	Bacteroides sp. 4_3_47FAA	0
species	Bacteroides sp. 9_1_42FAA	0
species	Bacteroides sp. D1	0
species	Bacteroides sp. D2	0
species	Bacteroides sp. D20	0
species	Bacteroides sp. D22	0
species	Bacteroides stercoris	0
species	Bacteroides thetaiotaomicron	0
species	Bacteroides uniformis	0
species	Bacteroides vulgatus	0
species	Bacteroides xylanisolvens	0
species	Bacteroidetes oral taxon 274	0
species	Bartonella bacilliformis	0
species	Bartonella clarridgeiae	0
species	Bartonella grahamii	0
species	Bartonella henselae	0
species	Bartonella quintana	0
species	Bartonella tribocorum	0
species	Bdellovibrio bacteriovorus	0
species	Beijerinckia indica	0
species	Bermanella marisrubri	0
species	Beutenbergia cavernae	0
species	Bifidobacterium adolescentis	0
species	Bifidobacterium angulatum	0
species	Bifidobacterium animalis	0
species	Bifidobacterium bifidum	0
species	Bifidobacterium breve	0
species	Bifidobacterium catenulatum	0
species	Bifidobacterium dentium	0
species	Bifidobacterium gallicum	0
species	Bifidobacterium longum	0
species	Bifidobacterium pseudocatenulatum	0
species	Bifidobacterium sp. 12_1_47BFAA	0
species	Bilophila wadsworthia	0
species	Bizionia argentinensis	0
species	Blastopirellula marina	0
species	Blattabacterium punctulatus	0
species	Blattabacterium sp. (Blattella germanica)	0
species	Blattabacterium sp. (Mastotermes darwiniensis)	0
species	Blattabacterium sp. (Periplaneta americana)	0
species	Blautia hansenii	0
species	Blautia hydrogenotrophica	0
species	Bordetella avium	0
species	Bordetella bronchiseptica	0
species	Bordetella parapertussis	0
species	Bordetella pertussis	0
species	Bordetella petrii	0
species	Borrelia afzelii	0
species	Borrelia bavariensis	0
species	Borrelia bissettii	0
species	Borrelia burgdorferi	0
species	Borrelia duttonii	0
species	Borrelia garinii	0
species	Borrelia hermsii	0
species	Borrelia recurrentis	0
species	Borrelia sp. SV1	0
species	Borrelia spielmanii	0
species	Borrelia turicatae	0
species	Borrelia valaisiana	0
species	Brachybacterium faecium	0
species	Brachyspira hyodysenteriae	0
species	Brachyspira intermedia	0
species	Brachyspira murdochii	0
species	Brachyspira pilosicoli	0
species	Bradyrhizobiaceae bacterium SG-6C	0
species	Bradyrhizobium diazoefficiens	0
species	Bradyrhizobium japonicum	0
species	Bradyrhizobium sp. BTAi1	0
species	Bradyrhizobium sp. ORS 278	0
species	Brevibacillus brevis	0
species	Brevibacillus laterosporus	0
species	Brevibacterium linens	0
species	Brevibacterium mcbrellneri	0
species	Brevundimonas diminuta	0
species	Brevundimonas sp. BAL3	0
species	Brevundimonas subvibrioides	0
species	Brucella abortus	0
species	Brucella canis	0
species	Brucella ceti	0
species	Brucella inopinata	0
species	Brucella melitensis	0
species	Brucella microti	0
species	Brucella neotomae	0
species	Brucella ovis	0
species	Brucella pinnipedialis	0
species	Brucella sp. 83/13	0
species	Brucella sp. BO2	0
species	Brucella sp. F5/99	0
species	Brucella sp. NF 2653	0
species	Brucella sp. NVSL 07-0026	0
species	Brucella suis	0
species	Buchnera aphidicola	0
species	Bulleidia extructa	0
species	Burkholderia ambifaria	0
species	Burkholderia cenocepacia	0
species	Burkholderia dolosa	0
species	Burkholderia gladioli	0
species	Burkholderia glumae	0
species	Burkholderia mallei	0
species	Burkholderia multivorans	0
species	Burkholderia phymatum	0
species	Burkholderia phytofirmans	0
species	Burkholderia pseudomallei	0
species	Burkholderia rhizoxinica	0
species	Burkholderia sp. 383	0
species	Burkholderia sp. CCGE1001	0
species	Burkholderia sp. CCGE1002	0
species	Burkholderia sp. CCGE1003	0
species	Burkholderia sp. YI23	0
species	Burkholderia thailandensis	0
species	Burkholderia vietnamiensis	0
species	Burkholderia xenovorans	0
species	Burkholderiales bacterium 1_1_47	0
species	Butyrivibrio crossotus	0
species	Butyrivibrio fibrisolvens	0
species	Butyrivibrio proteoclasticus	0
species	Caldalkalibacillus thermarum	0
species	Caldanaerobacter subterraneus	0
species	Caldicellulosiruptor bescii	0
species	Caldicellulosiruptor hydrothermalis	0
species	Caldicellulosiruptor kristjanssonii	0
species	Caldicellulosiruptor kronotskyensis	0
species	Caldicellulosiruptor lactoaceticus	0
species	Caldicellulosiruptor obsidiansis	0
species	Caldicellulosiruptor owensensis	0
species	Caldicellulosiruptor saccharolyticus	0
species	Calditerrivibrio nitroreducens	0
species	Caldivirga maquilingensis	0
species	Calyptogena okutanii thioautotrophic gill symbiont	0
species	Caminibacter mediatlanticus	0
species	Campylobacter coli	0
species	Campylobacter concisus	0
species	Campylobacter curvus	0
species	Campylobacter fetus	0
species	Campylobacter gracilis	0
species	Campylobacter hominis	0
species	Campylobacter jejuni	0
species	Campylobacter lari	0
species	Campylobacter rectus	0
species	Campylobacter showae	0
species	Campylobacter upsaliensis	0
species	Campylobacterales bacterium GD 1	0
species	Candidatus Accumulibacter phosphatis	0
species	Candidatus Amoebophilus asiaticus	0
species	Candidatus Arthromitus sp. SFB-mouse	0
species	Candidatus Arthromitus sp. SFB-rat-Yit	0
species	Candidatus Azobacteroides pseudotrichonymphae	0
species	Candidatus Baumannia cicadellinicola	0
species	Candidatus Blochmannia floridanus	0
species	Candidatus Blochmannia pennsylvanicus	0
species	Candidatus Blochmannia vafer	0
species	Candidatus Carsonella ruddii	0
species	Candidatus Chloracidobacterium thermophilum	0
species	Candidatus Desulforudis audaxviator	0
species	Candidatus Hamiltonella defensa	0
species	Candidatus Hodgkinia cicadicola	0
species	Candidatus Korarchaeum cryptofilum	0
species	Candidatus Koribacter versatilis	0
species	Candidatus Liberibacter asiaticus	0
species	Candidatus Liberibacter solanacearum	0
species	Candidatus Midichloria mitochondrii	0
species	Candidatus Moranella endobia	0
species	Candidatus Nitrosoarchaeum koreensis	0
species	Candidatus Nitrosoarchaeum limnia	0
species	Candidatus Nitrospira defluvii	0
species	Candidatus Odyssella thessalonicensis	0
species	Candidatus Pelagibacter sp. HTCC7211	0
species	Candidatus Pelagibacter sp. IMCC9063	0
species	Candidatus Pelagibacter ubique	0
species	Candidatus Phytoplasma australiense	0
species	Candidatus Phytoplasma mali	0
species	Candidatus Protochlamydia amoebophila	0
species	Candidatus Puniceispirillum marinum	0
species	Candidatus Regiella insecticola	0
species	Candidatus Riesia pediculicola	0
species	Candidatus Ruthia magnifica	0
species	Candidatus Solibacter usitatus	0
species	Candidatus Sulcia muelleri	0
species	Candidatus Tremblaya princeps	0
species	Candidatus Zinderia insecticola	0
species	Capnocytophaga canimorsus	0
species	Capnocytophaga gingivalis	0
species	Capnocytophaga ochracea	0
species	Capnocytophaga sp. oral taxon 329	0
species	Capnocytophaga sp. oral taxon 338	0
species	Capnocytophaga sputigena	0
species	Carboxydothermus hydrogenoformans	0
species	Cardiobacterium hominis	0
species	Carnobacterium sp. 17-4	0
species	Carnobacterium sp. AT7	0
species	Catenulispora acidiphila	0
species	Catonella morbi	0
species	Caulobacter segnis	0
species	Caulobacter sp. K31	0
species	Caulobacter vibrioides	0
species	Cellulomonas fimi	0
species	Cellulomonas flavigena	0
species	Cellulophaga algicola	0
species	Cellulophaga lytica	0
species	Cellulosilyticum lentocellum	0
species	Cellvibrio gilvus	0
species	Cellvibrio japonicus	0
species	Centipeda periodontii	0
species	Chelativorans sp. BNC1	0
species	Chitinophaga pinensis	0
species	Chlamydia muridarum	0
species	Chlamydia pecorum	0
species	Chlamydia pneumoniae	0
species	Chlamydia psittaci	0
species	Chlamydia trachomatis	0
species	Chlamydophila abortus	0
species	Chlamydophila caviae	0
species	Chlamydophila felis	0
species	Chlorobaculum parvum	0
species	Chlorobaculum tepidum	0
species	Chlorobium chlorochromatii	0
species	Chlorobium ferrooxidans	0
species	Chlorobium limicola	0
species	Chlorobium phaeobacteroides	0
species	Chlorobium phaeovibrioides	0
species	Chloroflexus aggregans	0
species	Chloroflexus aurantiacus	0
species	Chloroflexus sp. Y-400-fl	0
species	Chloroherpeton thalassium	0
species	Chromobacterium violaceum	0
species	Chromohalobacter salexigens	0
species	Chryseobacterium gleum	0
species	Chthoniobacter flavus	0
species	Citreicella sp. SE45	0
species	Citrobacter koseri	0
species	Citrobacter rodentium	0
species	Citrobacter sp. 30_2	0
species	Citrobacter youngae	0
species	Citromicrobium bathyomarinum	0
species	Citromicrobium sp. JLT1363	0
species	Clavibacter michiganensis	0
species	Clostridiales bacterium 1_7_47FAA	0
species	Clostridiales genomosp. BVAB3	0
species	Clostridium acetobutylicum	0
species	Clostridium bartlettii	0
species	Clostridium beijerinckii	0
species	Clostridium bolteae	0
species	Clostridium botulinum	0
species	Clostridium butyricum	0
species	Clostridium carboxidivorans	0
species	Clostridium cellulolyticum	0
species	Clostridium cellulovorans	0
species	Clostridium clariflavum	0
species	Clostridium difficile	0
species	Clostridium hiranonis	0
species	Clostridium hylemonae	0
species	Clostridium kluyveri	0
species	Clostridium leptum	0
species	Clostridium ljungdahlii	0
species	Clostridium methylpentosum	0
species	Clostridium novyi	0
species	Clostridium papyrosolvens	0
species	Clostridium perfringens	0
species	Clostridium phytofermentans	0
species	Clostridium ramosum	0
species	Clostridium saccharolyticum	0
species	Clostridium scindens	0
species	Clostridium sp. 7_2_43FAA	0
species	Clostridium sp. BNL1100	0
species	Clostridium sp. D5	0
species	Clostridium sp. HGF2	0
species	Clostridium sp. L2-50	0
species	Clostridium sp. M62/1	0
species	Clostridium sp. SS2/1	0
species	Clostridium sp. SY8519	0
species	Clostridium spiroforme	0
species	Clostridium sporogenes	0
species	Clostridium sticklandii	0
species	Clostridium symbiosum	0
species	Clostridium tetani	0
species	Clostridium thermocellum	0
species	Coleofasciculus chthonoplastes	0
species	Collimonas fungivorans	0
species	Collinsella aerofaciens	0
species	Collinsella intestinalis	0
species	Collinsella stercoris	0
species	Colwellia psychrerythraea	0
species	Comamonas testosteroni	0
species	Conexibacter woesei	0
species	Congregibacter litoralis	0
species	Coprobacillus sp. 29_1	0
species	Coprobacillus sp. D7	0
species	Coprococcus catus	0
species	Coprococcus comes	0
species	Coprococcus eutactus	0
species	Coprothermobacter proteolyticus	0
species	Coraliomargarita akajimensis	0
species	Coriobacterium glomerans	0
species	Corynebacterium accolens	0
species	Corynebacterium ammoniagenes	0
species	Corynebacterium amycolatum	0
species	Corynebacterium aurimucosum	0
species	Corynebacterium diphtheriae	0
species	Corynebacterium efficiens	0
species	Corynebacterium genitalium	0
species	Corynebacterium glucuronolyticum	0
species	Corynebacterium glutamicum	0
species	Corynebacterium jeikeium	0
species	Corynebacterium kroppenstedtii	0
species	Corynebacterium lipophiloflavum	0
species	Corynebacterium matruchotii	0
species	Corynebacterium pseudogenitalium	0
species	Corynebacterium pseudotuberculosis	0
species	Corynebacterium resistens	0
species	Corynebacterium striatum	0
species	Corynebacterium tuberculostearicum	0
species	Corynebacterium ulcerans	0
species	Corynebacterium urealyticum	0
species	Corynebacterium variabile	0
species	Coxiella burnetii	0
species	Croceibacter atlanticus	0
species	Cronobacter sakazakii	0
species	Cronobacter turicensis	0
species	Cryptobacterium curtum	0
species	Cupriavidus metallidurans	0
species	Cupriavidus necator	0
species	Cupriavidus pinatubonensis	0
species	Cupriavidus taiwanensis	0
species	Cyanobium sp. PCC 7001	0
species	Cyanothece sp. ATCC 51142	0
species	Cyanothece sp. CCY0110	0
species	Cyanothece sp. PCC 7424	0
species	Cyanothece sp. PCC 7425	0
species	Cyanothece sp. PCC 7822	0
species	Cyanothece sp. PCC 8801	0
species	Cyanothece sp. PCC 8802	0
species	Cyclobacterium marinum	0
species	Cylindrospermopsis raciborskii	0
species	Cytophaga hutchinsonii	0
species	Dechloromonas aromatica	0
species	Deferribacter desulfuricans	0
species	Dehalococcoides mccartyi	0
species	Dehalogenimonas lykanthroporepellens	0
species	Deinococcus deserti	0
species	Deinococcus geothermalis	0
species	Deinococcus maricopensis	0
species	Deinococcus proteolyticus	0
species	Deinococcus radiodurans	0
species	Delftia acidovorans	0
species	Delftia sp. Cs1-4	0
species	Denitrovibrio acetiphilus	0
species	Dermacoccus sp. Ellin185	0
species	Desmospora sp. 8437	0
species	Desulfarculus baarsii	0
species	Desulfatibacillum alkenivorans	0
species	Desulfitobacterium hafniense	0
species	Desulfobacca acetoxidans	0
species	Desulfobacterium autotrophicum	0
species	Desulfobulbus propionicus	0
species	Desulfococcus oleovorans	0
species	Desulfohalobium retbaense	0
species	Desulfomicrobium baculatum	0
species	Desulfonatronospira thiodismutans	0
species	Desulfosporosinus orientis	0
species	Desulfotalea psychrophila	0
species	Desulfotomaculum acetoxidans	0
species	Desulfotomaculum carboxydivorans	0
species	Desulfotomaculum kuznetsovii	0
species	Desulfotomaculum nigrificans	0
species	Desulfotomaculum reducens	0
species	Desulfovibrio aespoeensis	0
species	Desulfovibrio africanus	0
species	Desulfovibrio alaskensis	0
species	Desulfovibrio desulfuricans	0
species	Desulfovibrio fructosovorans	0
species	Desulfovibrio magneticus	0
species	Desulfovibrio piger	0
species	Desulfovibrio salexigens	0
species	Desulfovibrio sp. 3_1_syn3	0
species	Desulfovibrio sp. FW1012B	0
species	Desulfovibrio vulgaris	0
species	Desulfurispirillum indicum	0
species	Desulfurivibrio alkaliphilus	0
species	Desulfurobacterium thermolithotrophum	0
species	Desulfurococcus kamchatkensis	0
species	Desulfurococcus mucosus	0
species	Desulfuromonas acetoxidans	0
species	Dethiobacter alkaliphilus	0
species	Dethiosulfovibrio peptidovorans	0
species	Dialister invisus	0
species	Dialister micraerophilus	0
species	Dichelobacter nodosus	0
species	Dickeya dadantii	0
species	Dickeya zeae	0
species	Dictyoglomus thermophilum	0
species	Dictyoglomus turgidum	0
species	Dinoroseobacter shibae	0
species	Dokdonia donghaensis	0
species	Dorea formicigenerans	0
species	Dorea longicatena	0
species	Dyadobacter fermentans	0
species	Dysgonomonas gadei	0
species	Dysgonomonas mossii	0
species	Edwardsiella ictaluri	0
species	Edwardsiella tarda	0
species	Eggerthella lenta	0
species	Eggerthella sp. 1_3_56FAA	0
species	Eggerthella sp. HGA1	0
species	Eggerthella sp. YY7918	0
species	Ehrlichia canis	0
species	Ehrlichia chaffeensis	0
species	Ehrlichia ruminantium	0
species	Eikenella corrodens	0
species	Elusimicrobium minutum	0
species	Enhydrobacter aerosaccus	0
species	Enterobacter aerogenes	0
species	Enterobacter asburiae	0
species	Enterobacter cancerogenus	0
species	Enterobacter cloacae	0
species	Enterobacter hormaechei	0
species	Enterobacter lignolyticus	0
species	Enterobacter sp. 638	0
species	Enterobacteriaceae bacterium 9_2_54FAA	0
species	Enterococcus casseliflavus	0
species	Enterococcus faecalis	0
species	Enterococcus faecium	0
species	Enterococcus gallinarum	0
species	Enterococcus italicus	0
species	Enterococcus sp. 7L76	0
species	Epulopiscium sp. 'N.t. morphotype B'	0
species	Eremococcus coleocola	0
species	Erwinia amylovora	0
species	Erwinia billingiae	0
species	Erwinia pyrifoliae	0
species	Erwinia sp. Ejp617	0
species	Erwinia tasmaniensis	0
species	Erysipelothrix rhusiopathiae	0
species	Erysipelotrichaceae bacterium 3_1_53	0
species	Erysipelotrichaceae bacterium 5_2_54FAA	0
species	Erythrobacter litoralis	0
species	Erythrobacter sp. NAP1	0
species	Erythrobacter sp. SD-21	0
species	Escherichia albertii	0
species	Escherichia coli	0
species	Escherichia fergusonii	0
species	Escherichia sp. 1_1_43	0
species	Escherichia sp. 3_2_53FAA	0
species	Escherichia sp. 4_1_40B	0
species	Ethanoligenens harbinense	0
species	Eubacterium biforme	0
species	Eubacterium cellulosolvens	0
species	Eubacterium cylindroides	0
species	Eubacterium dolichum	0
species	Eubacterium eligens	0
species	Eubacterium hallii	0
species	Eubacterium limosum	0
species	Eubacterium rectale	0
species	Eubacterium saphenum	0
species	Eubacterium siraeum	0
species	Eubacterium ventriosum	0
species	Eubacterium yurii	0
species	Exiguobacterium sibiricum	0
species	Exiguobacterium sp. AT1b	0
species	Faecalibacterium prausnitzii	0
species	Ferrimonas balearica	0
species	Ferroglobus placidus	0
species	Ferroplasma acidarmanus	0
species	Fervidobacterium nodosum	0
species	Fibrobacter succinogenes	0
species	Filifactor alocis	0
species	Finegoldia magna	0
species	Flavobacteria bacterium BAL38	0
species	Flavobacteria bacterium BBFL7	0
species	Flavobacteria bacterium MS024-2A	0
species	Flavobacteria bacterium MS024-3C	0
species	Flavobacteriaceae bacterium 3519-10	0
species	Flavobacteriales bacterium ALC-1	0
species	Flavobacterium branchiophilum	0
species	Flavobacterium columnare	0
species	Flavobacterium johnsoniae	0
species	Flavobacterium psychrophilum	0
species	Flexistipes sinusarabici	0
species	Fluviicola taffensis	0
species	Francisella novicida	0
species	Francisella philomiragia	0
species	Francisella sp. TX077308	0
species	Francisella tularensis	0
species	Frankia alni	0
species	Frankia sp. CcI3	0
species	Frankia sp. EAN1pec	0
species	Frankia sp. EuI1c	0
species	Frankia symbiont of Datisca glomerata	0
species	Fructobacillus fructosus	0
species	Fulvimarina pelagi	0
species	Fusobacterium gonidiaformans	0
species	Fusobacterium mortiferum	0
species	Fusobacterium necrophorum	0
species	Fusobacterium nucleatum	0
species	Fusobacterium periodonticum	0
species	Fusobacterium ulcerans	0
species	Fusobacterium varium	0
species	Gallibacterium anatis	0
species	Gallionella capsiferriformans	0
species	Gardnerella vaginalis	0
species	Gemella haemolysans	0
species	Gemella morbillorum	0
species	Gemella sanguinis	0
species	Gemmatimonas aurantiaca	0
species	Geobacillus kaustophilus	0
species	Geobacillus sp. C56-T3	0
species	Geobacillus sp. G11MC16	0
species	Geobacillus sp. WCH70	0
species	Geobacillus sp. Y4.1MC1	0
species	Geobacillus sp. Y412MC52	0
species	Geobacillus sp. Y412MC61	0
species	Geobacillus thermodenitrificans	0
species	Geobacillus thermoglucosidasius	0
species	Geobacillus thermoleovorans	0
species	Geobacter bemidjiensis	0
species	Geobacter daltonii	0
species	Geobacter lovleyi	0
species	Geobacter metallireducens	0
species	Geobacter sp. M18	0
species	Geobacter sp. M21	0
species	Geobacter sulfurreducens	0
species	Geobacter uraniireducens	0
species	Geodermatophilus obscurus	0
species	Glaciecola nitratireducens	0
species	Glaciecola sp. 4H-3-7+YE-5	0
species	Glaciecola sp. HTCC2999	0
species	Gloeobacter violaceus	0
species	Gluconacetobacter diazotrophicus	0
species	Gluconacetobacter hansenii	0
species	Gluconacetobacter sp. SXCC-1	0
species	Gluconacetobacter xylinus	0
species	Gluconobacter oxydans	0
species	Gordonia alkanivorans	0
species	Gordonia bronchialis	0
species	Gordonia neofelifaecis	0
species	Gordonia polyisoprenivorans	0
species	Gramella forsetii	0
species	Granulibacter bethesdensis	0
species	Granulicatella adiacens	0
species	Granulicatella elegans	0
species	Granulicella mallensis	0
species	Granulicella tundricola	0
species	Grimontia hollisae	0
species	Haemophilus aegyptius	0
species	Haemophilus ducreyi	0
species	Haemophilus haemolyticus	0
species	Haemophilus influenzae	0
species	Haemophilus parainfluenzae	0
species	Haemophilus parasuis	0
species	Haemophilus pittmaniae	0
species	Hahella chejuensis	0
species	Haladaptatus paucihalophilus	0
species	Halalkalicoccus jeotgali	0
species	Halanaerobium hydrogeniformans	0
species	Halanaerobium praevalens	0
species	Haliangium ochraceum	0
species	Haliscomenobacter hydrossis	0
species	Haloarcula hispanica	0
species	Haloarcula marismortui	0
species	Halobacterium salinarum	0
species	Haloferax volcanii	0
species	Halogeometricum borinquense	0
species	Halomicrobium mukohataei	0
species	Halomonas elongata	0
species	Halomonas sp. TD01	0
species	Halopiger xanaduensis	0
species	Haloplasma contractile	0
species	Haloquadratum walsbyi	0
species	Halorhabdus tiamatea	0
species	Halorhabdus utahensis	0
species	Halorhodospira halophila	0
species	Halorubrum lacusprofundi	0
species	Haloterrigena turkmenica	0
species	Halothermothrix orenii	0
species	Halothiobacillus neapolitanus	0
species	Helicobacter acinonychis	0
species	Helicobacter bilis	0
species	Helicobacter bizzozeronii	0
species	Helicobacter canadensis	0
species	Helicobacter cinaedi	0
species	Helicobacter felis	0
species	Helicobacter hepaticus	0
species	Helicobacter mustelae	0
species	Helicobacter pullorum	0
species	Helicobacter pylori	0
species	Helicobacter suis	0
species	Helicobacter winghamensis	0
species	Heliobacterium modesticaldum	0
species	Herbaspirillum seropedicae	0
species	Herminiimonas arsenicoxydans	0
species	Herpetosiphon aurantiacus	0
species	Hippea maritima	0
species	Hirschia baltica	0
species	Histophilus somni	0
species	Hoeflea phototrophica	0
species	Holdemania filiformis	0
species	Hydrogenobacter thermophilus	0
species	Hydrogenobaculum sp. Y04AAS1	0
species	Hylemonella gracilis	0
species	Hyperthermus butylicus	0
species	Hyphomicrobium denitrificans	0
species	Hyphomicrobium sp. MC1	0
species	Hyphomonas neptunium	0
species	Idiomarina baltica	0
species	Idiomarina loihiensis	0
species	Idiomarina sp. A28L	0
species	Ignicoccus hospitalis	0
species	Ignisphaera aggregans	0
species	Ilyobacter polytropus	0
species	Intrasporangium calvum	0
species	Isoptericola variabilis	0
species	Isosphaera pallida	0
species	Janibacter sp. HTCC2649	0
species	Jannaschia sp. CCS1	0
species	Janthinobacterium sp. Marseille	0
species	Jonesia denitrificans	0
species	Jonquetella anthropi	0
species	Kangiella koreensis	0
species	Ketogulonicigenium vulgare	0
species	Kineococcus radiotolerans	0
species	Kingella denitrificans	0
species	Kingella kingae	0
species	Kingella oralis	0
species	Kitasatospora setae	0
species	Klebsiella oxytoca	0
species	Klebsiella pneumoniae	0
species	Klebsiella sp. 1_1_55	0
species	Klebsiella variicola	0
species	Kocuria rhizophila	0
species	Kordia algicida	0
species	Kosmotoga olearia	0
species	Kribbella flavida	0
species	Krokinobacter sp. 4H-3-7-5	0
species	Ktedonobacter racemifer	0
species	Kyrpidia tusciae	0
species	Kytococcus sedentarius	0
species	Labrenzia aggregata	0
species	Labrenzia alexandrii	0
species	Lachnoanaerobaculum saburreum	0
species	Lachnospiraceae bacterium 1_1_57FAA	0
species	Lachnospiraceae bacterium 1_4_56FAA	0
species	Lachnospiraceae bacterium 2_1_46FAA	0
species	Lachnospiraceae bacterium 2_1_58FAA	0
species	Lachnospiraceae bacterium 3_1_46FAA	0
species	Lachnospiraceae bacterium 3_1_57FAA_CT1	0
species	Lachnospiraceae bacterium 4_1_37FAA	0
species	Lachnospiraceae bacterium 5_1_57FAA	0
species	Lachnospiraceae bacterium 5_1_63FAA	0
species	Lachnospiraceae bacterium 6_1_63FAA	0
species	Lachnospiraceae bacterium 8_1_57FAA	0
species	Lachnospiraceae bacterium 9_1_43BFAA	0
species	Lachnospiraceae oral taxon 107	0
species	Lacinutrix sp. 5H-3-7-4	0
species	Lactobacillus acidophilus	0
species	Lactobacillus amylolyticus	0
species	Lactobacillus amylovorus	0
species	Lactobacillus animalis	0
species	Lactobacillus antri	0
species	Lactobacillus brevis	0
species	Lactobacillus buchneri	0
species	Lactobacillus casei	0
species	Lactobacillus coleohominis	0
species	Lactobacillus coryniformis	0
species	Lactobacillus crispatus	0
species	Lactobacillus delbrueckii	0
species	Lactobacillus farciminis	0
species	Lactobacillus fermentum	0
species	Lactobacillus fructivorans	0
species	Lactobacillus gasseri	0
species	Lactobacillus helveticus	0
species	Lactobacillus hilgardii	0
species	Lactobacillus iners	0
species	Lactobacillus jensenii	0
species	Lactobacillus johnsonii	0
species	Lactobacillus kefiranofaciens	0
species	Lactobacillus oris	0
species	Lactobacillus paracasei	0
species	Lactobacillus plantarum	0
species	Lactobacillus reuteri	0
species	Lactobacillus rhamnosus	0
species	Lactobacillus ruminis	0
species	Lactobacillus sakei	0
species	Lactobacillus salivarius	0
species	Lactobacillus sanfranciscensis	0
species	Lactobacillus ultunensis	0
species	Lactobacillus vaginalis	0
species	Lactococcus garvieae	0
species	Lactococcus lactis	0
species	Laribacter hongkongensis	0
species	Lautropia mirabilis	0
species	Lawsonia intracellularis	0
species	Leadbetterella byssophila	0
species	Leeuwenhoekiella blandensis	0
species	Legionella drancourtii	0
species	Legionella longbeachae	0
species	Legionella pneumophila	0
species	Leifsonia xyli	0
species	Lentisphaera araneosa	0
species	Leptospira biflexa	0
species	Leptospira borgpetersenii	0
species	Leptospira interrogans	0
species	Leptothrix cholodnii	0
species	Leptotrichia buccalis	0
species	Leptotrichia goodfellowii	0
species	Leptotrichia hofstadii	0
species	Leuconostoc citreum	0
species	Leuconostoc fallax	0
species	Leuconostoc gasicomitatum	0
species	Leuconostoc gelidum	0
species	Leuconostoc kimchii	0
species	Leuconostoc lactis	0
species	Leuconostoc mesenteroides	0
species	Leuconostoc sp. C2	0
species	Limnobacter sp. MED105	0
species	Listeria grayi	0
species	Listeria innocua	0
species	Listeria ivanovii	0
species	Listeria monocytogenes	0
species	Listeria seeligeri	0
species	Listeria welshimeri	0
species	Loktanella vestfoldensis	0
species	Luminiphilus syltensis	0
species	Lyngbya sp. PCC 8106	0
species	Lysinibacillus fusiformis	0
species	Lysinibacillus sphaericus	0
species	Macrococcus caseolyticus	0
species	Magnetococcus marinus	0
species	Magnetospirillum magneticum	0
species	Mahella australiensis	0
species	Mannheimia haemolytica	0
species	Mannheimia succiniciproducens	0
species	Maribacter sp. HTCC2170	0
species	Maricaulis maris	0
species	Marichromatium purpuratum	0
species	Marinithermus hydrothermalis	0
species	Marinitoga piezophila	0
species	Marinobacter adhaerens	0
species	Marinobacter algicola	0
species	Marinobacter hydrocarbonoclasticus	0
species	Marinobacter sp. ELB17	0
species	Marinomonas mediterranea	0
species	Marinomonas posidonica	0
species	Marinomonas sp. MED121	0
species	Marinomonas sp. MWYL1	0
species	Mariprofundus ferrooxydans	0
species	Maritimibacter alkaliphilus	0
species	Marivirga tractuosa	0
species	Marvinbryantia formatexigens	0
species	Megasphaera elsdenii	0
species	Megasphaera genomosp. type_1	0
species	Megasphaera micronuciformis	0
species	Megasphaera sp. UPII 135-E	0
species	Megasphaera sp. UPII 199-6	0
species	Meiothermus ruber	0
species	Meiothermus silvanus	0
species	Melissococcus plutonius	0
species	Mesoplasma florum	0
species	Mesorhizobium ciceri	0
species	Mesorhizobium loti	0
species	Mesorhizobium opportunistum	0
species	Mesotoga prima	0
species	Metallosphaera cuprina	0
species	Metallosphaera sedula	0
species	Methanobacterium sp. AL-21	0
species	Methanobacterium sp. SWAN-1	0
species	Methanobrevibacter ruminantium	0
species	Methanobrevibacter smithii	0
species	Methanocaldococcus fervens	0
species	Methanocaldococcus infernus	0
species	Methanocaldococcus jannaschii	0
species	Methanocaldococcus sp. FS406-22	0
species	Methanocaldococcus vulcanius	0
species	Methanocella arvoryzae	0
species	Methanocella paludicola	0
species	Methanococcoides burtonii	0
species	Methanococcus aeolicus	0
species	Methanococcus maripaludis	0
species	Methanococcus vannielii	0
species	Methanococcus voltae	0
species	Methanocorpusculum labreanum	0
species	Methanoculleus marisnigri	0
species	Methanohalobium evestigatum	0
species	Methanohalophilus mahii	0
species	Methanoplanus petrolearius	0
species	Methanopyrus kandleri	0
species	Methanoregula boonei	0
species	Methanosaeta concilii	0
species	Methanosaeta harundinacea	0
species	Methanosaeta thermophila	0
species	Methanosalsum zhilinae	0
species	Methanosarcina acetivorans	0
species	Methanosarcina barkeri	0
species	Methanosarcina mazei	0
species	Methanosphaera stadtmanae	0
species	Methanosphaerula palustris	0
species	Methanospirillum hungatei	0
species	Methanothermobacter marburgensis	0
species	Methanothermobacter thermautotrophicus	0
species	Methanothermococcus okinawensis	0
species	Methanothermus fervidus	0
species	Methanotorris igneus	0
species	Methylacidiphilum infernorum	0
species	Methylibium petroleiphilum	0
species	Methylobacillus flagellatus	0
species	Methylobacter tundripaludum	0
species	Methylobacterium extorquens	0
species	Methylobacterium nodulans	0
species	Methylobacterium populi	0
species	Methylobacterium radiotolerans	0
species	Methylobacterium sp. 4-46	0
species	Methylocella silvestris	0
species	Methylococcus capsulatus	0
species	Methylocystis sp. ATCC 49242	0
species	Methylomonas methanica	0
species	Methylophaga aminisulfidivorans	0
species	Methylophaga thiooxydans	0
species	Methylophilales bacterium HTCC2181	0
species	Methylosinus trichosporium	0
species	Methylotenera mobilis	0
species	Methylotenera versatilis	0
species	Methyloversatilis universalis	0
species	Methylovorus glucosotrophus	0
species	Methylovorus sp. MP688	0
species	Micavibrio aeruginosavorus	0
species	Microbacterium testaceum	0
species	Micrococcus luteus	0
species	Microcoleus vaginatus	0
species	Microcystis aeruginosa	0
species	Microlunatus phosphovorus	0
species	Micromonospora aurantiaca	0
species	Micromonospora sp. ATCC 39149	0
species	Micromonospora sp. L5	0
species	Microscilla marina	0
species	Mitsuokella multacida	0
species	Mobiluncus curtisii	0
species	Mobiluncus mulieris	0
species	Moorea producens	0
species	Moorella thermoacetica	0
species	Moraxella catarrhalis	0
species	Moritella sp. PE36	0
species	Mucilaginibacter paludis	0
species	Muricauda ruestringensis	0
species	Mycobacterium abscessus	0
species	Mycobacterium africanum	0
species	Mycobacterium avium	0
species	Mycobacterium bovis	0
species	Mycobacterium canettii	0
species	Mycobacterium colombiense	0
species	Mycobacterium gilvum	0
species	Mycobacterium kansasii	0
species	Mycobacterium leprae	0
species	Mycobacterium marinum	0
species	Mycobacterium rhodesiae	0
species	Mycobacterium smegmatis	0
species	Mycobacterium sp. JDM601	0
species	Mycobacterium sp. JLS	0
species	Mycobacterium sp. KMS	0
species	Mycobacterium sp. MCS	0
species	Mycobacterium tuberculosis	0
species	Mycobacterium ulcerans	0
species	Mycobacterium vanbaalenii	0
species	Mycoplasma agalactiae	0
species	Mycoplasma alligatoris	0
species	Mycoplasma anatis	0
species	Mycoplasma arthritidis	0
species	Mycoplasma bovis	0
species	Mycoplasma capricolum	0
species	Mycoplasma columbinum	0
species	Mycoplasma conjunctivae	0
species	Mycoplasma crocodyli	0
species	Mycoplasma fermentans	0
species	Mycoplasma gallisepticum	0
species	Mycoplasma genitalium	0
species	Mycoplasma haemocanis	0
species	Mycoplasma haemofelis	0
species	Mycoplasma hominis	0
species	Mycoplasma hyopneumoniae	0
species	Mycoplasma hyorhinis	0
species	Mycoplasma leachii	0
species	Mycoplasma mobile	0
species	Mycoplasma mycoides	0
species	Mycoplasma penetrans	0
species	Mycoplasma pneumoniae	0
species	Mycoplasma pulmonis	0
species	Mycoplasma putrefaciens	0
species	Mycoplasma suis	0
species	Mycoplasma synoviae	0
species	Myxococcus fulvus	0
species	Myxococcus xanthus	0
species	Nakamurella multipartita	0
species	Nanoarchaeum equitans	0
species	Natranaerobius thermophilus	0
species	Natrialba magadii	0
species	Natronomonas pharaonis	0
species	Nautilia profundicola	0
species	Neisseria bacilliformis	0
species	Neisseria cinerea	0
species	Neisseria elongata	0
species	Neisseria flavescens	0
species	Neisseria gonorrhoeae	0
species	Neisseria lactamica	0
species	Neisseria macacae	0
species	Neisseria meningitidis	0
species	Neisseria mucosa	0
species	Neisseria polysaccharea	0
species	Neisseria sicca	0
species	Neisseria sp. oral taxon 014	0
species	Neisseria subflava	0
species	Neorickettsia risticii	0
species	Neorickettsia sennetsu	0
species	Neptuniibacter caesariensis	0
species	Niastella koreensis	0
species	Nitratifractor salsuginis	0
species	Nitratiruptor sp. SB155-2	0
species	Nitrobacter hamburgensis	0
species	Nitrobacter sp. Nb-311A	0
species	Nitrobacter winogradskyi	0
species	Nitrococcus mobilis	0
species	Nitrosococcus halophilus	0
species	Nitrosococcus oceani	0
species	Nitrosococcus watsonii	0
species	Nitrosomonas europaea	0
species	Nitrosomonas eutropha	0
species	Nitrosomonas sp. AL212	0
species	Nitrosomonas sp. Is79A3	0
species	Nitrosopumilus maritimus	0
species	Nitrosospira multiformis	0
species	Nocardia cyriacigeorgica	0
species	Nocardia farcinica	0
species	Nocardioidaceae bacterium Broad-1	0
species	Nocardioides sp. JS614	0
species	Nocardiopsis dassonvillei	0
species	Nodularia spumigena	0
species	Nostoc punctiforme	0
species	Nostoc sp. PCC 7120	0
species	Novosphingobium aromaticivorans	0
species	Novosphingobium nitrogenifigens	0
species	Novosphingobium sp. PP1Y	0
species	Oceanibulbus indolifex	0
species	Oceanicaulis sp. HTCC2633	0
species	Oceanicola batsensis	0
species	Oceanicola granulosus	0
species	Oceanimonas sp. GK1	0
species	Oceanithermus profundus	0
species	Oceanobacillus iheyensis	0
species	Ochrobactrum anthropi	0
species	Ochrobactrum intermedium	0
species	Octadecabacter antarcticus	0
species	Octadecabacter arcticus	0
species	Odoribacter splanchnicus	0
species	Oenococcus oeni	0
species	Oligotropha carboxidovorans	0
species	Olsenella uli	0
species	Onion yellows phytoplasma	0
species	Opitutus terrae	0
species	Oribacterium sinus	0
species	Oribacterium sp. oral taxon 078	0
species	Oribacterium sp. oral taxon 108	0
species	Orientia tsutsugamushi	0
species	Ornithinibacillus scapharcae	0
species	Oscillibacter valericigenes	0
species	Oscillochloris trichoides	0
species	Owenweeksia hongkongensis	0
species	Oxalobacter formigenes	0
species	Paenibacillus curdlanolyticus	0
species	Paenibacillus mucilaginosus	0
species	Paenibacillus polymyxa	0
species	Paenibacillus sp. HGF5	0
species	Paenibacillus sp. HGF7	0
species	Paenibacillus sp. JDR-2	0
species	Paenibacillus sp. Y412MC10	0
species	Paenibacillus sp. oral taxon 786	0
species	Paenibacillus terrae	0
species	Paenibacillus vortex	0
species	Paludibacter propionicigenes	0
species	Pantoea ananatis	0
species	Pantoea sp. At-9b	0
species	Pantoea sp. aB	0
species	Pantoea vagans	0
species	Parabacteroides distasonis	0
species	Parabacteroides merdae	0
species	Parabacteroides sp. D13	0
species	Parachlamydia acanthamoebae	0
species	Paracoccus denitrificans	0
species	Paracoccus sp. TRP	0
species	Paraprevotella xylaniphila	0
species	Parascardovia denticolens	0
species	Parasutterella excrementihominis	0
species	Parvibaculum lavamentivorans	0
species	Parvimonas micra	0
species	Parvimonas sp. oral taxon 110	0
species	Parvimonas sp. oral taxon 393	0
species	Parvularcula bermudensis	0
species	Pasteurella dagmatis	0
species	Pasteurella multocida	0
species	Pectobacterium atrosepticum	0
species	Pectobacterium carotovorum	0
species	Pectobacterium wasabiae	0
species	Pediococcus acidilactici	0
species	Pediococcus claussenii	0
species	Pediococcus pentosaceus	0
species	Pedobacter heparinus	0
species	Pedobacter saltans	0
species	Pedobacter sp. BAL39	0
species	Pedosphaera parvula	0
species	Pelagibaca bermudensis	0
species	Pelagibacterium halotolerans	0
species	Pelobacter carbinolicus	0
species	Pelobacter propionicus	0
species	Pelodictyon luteolum	0
species	Pelodictyon phaeoclathratiforme	0
species	Pelotomaculum thermopropionicum	0
species	Peptoniphilus duerdenii	0
species	Peptoniphilus harei	0
species	Peptoniphilus lacrimalis	0
species	Peptoniphilus sp. oral taxon 375	0
species	Peptoniphilus sp. oral taxon 386	0
species	Peptoniphilus sp. oral taxon 836	0
species	Peptostreptococcus anaerobius	0
species	Peptostreptococcus stomatis	0
species	Persephonella marina	0
species	Petrotoga mobilis	0
species	Phaeobacter gallaeciensis	0
species	Phascolarctobacterium succinatutens	0
species	Phenylobacterium zucineum	0
species	Photobacterium angustum	0
species	Photobacterium damselae	0
species	Photobacterium leiognathi	0
species	Photobacterium profundum	0
species	Photobacterium sp. SKA34	0
species	Photorhabdus asymbiotica	0
species	Photorhabdus luminescens	0
species	Picrophilus torridus	0
species	Pirellula staleyi	0
species	Planctomyces brasiliensis	0
species	Planctomyces limnophilus	0
species	Planctomyces maris	0
species	Planococcus donghaensis	0
species	Plautia stali symbiont	0
species	Plesiocystis pacifica	0
species	Polaribacter irgensii	0
species	Polaribacter sp. MED152	0
species	Polaromonas naphthalenivorans	0
species	Polaromonas sp. JS666	0
species	Polymorphum gilvum	0
species	Polynucleobacter necessarius	0
species	Porphyromonas asaccharolytica	0
species	Porphyromonas endodontalis	0
species	Porphyromonas gingivalis	0
species	Porphyromonas uenonis	0
species	Prevotella amnii	0
species	Prevotella bergensis	0
species	Prevotella bivia	0
species	Prevotella bryantii	0
species	Prevotella buccae	0
species	Prevotella buccalis	0
species	Prevotella copri	0
species	Prevotella dentalis	0
species	Prevotella denticola	0
species	Prevotella disiens	0
species	Prevotella marshii	0
species	Prevotella melaninogenica	0
species	Prevotella multiformis	0
species	Prevotella multisaccharivorax	0
species	Prevotella nigrescens	0
species	Prevotella oralis	0
species	Prevotella oris	0
species	Prevotella oulorum	0
species	Prevotella pallens	0
species	Prevotella ruminicola	0
species	Prevotella salivae	0
species	Prevotella sp. oral taxon 299	0
species	Prevotella sp. oral taxon 317	0
species	Prevotella sp. oral taxon 472	0
species	Prevotella timonensis	0
species	Prevotella veroralis	0
species	Prochlorococcus marinus	0
species	Propionibacterium acnes	0
species	Propionibacterium freudenreichii	0
species	Propionibacterium humerusii	0
species	Propionibacterium sp. 409-HC1	0
species	Propionibacterium sp. 434-HC2	0
species	Propionibacterium sp. CC003-HC2	0
species	Prosthecochloris aestuarii	0
species	Proteus mirabilis	0
species	Proteus penneri	0
species	Providencia alcalifaciens	0
species	Providencia rettgeri	0
species	Providencia rustigianii	0
species	Providencia stuartii	0
species	Pseudoalteromonas atlantica	0
species	Pseudoalteromonas haloplanktis	0
species	Pseudoalteromonas sp. SM9913	0
species	Pseudoalteromonas tunicata	0
species	Pseudoflavonifractor capillosus	0
species	Pseudogulbenkiania ferrooxidans	0
species	Pseudogulbenkiania sp. NH8B	0
species	Pseudomonas aeruginosa	0
species	Pseudomonas amygdali	0
species	Pseudomonas brassicacearum	0
species	Pseudomonas entomophila	0
species	Pseudomonas fluorescens	0
species	Pseudomonas fulva	0
species	Pseudomonas mendocina	0
species	Pseudomonas protegens	0
species	Pseudomonas putida	0
species	Pseudomonas savastanoi	0
species	Pseudomonas stutzeri	0
species	Pseudomonas syringae	0
species	Pseudomonas syringae group genomosp. 3	0
species	Pseudonocardia dioxanivorans	0
species	Pseudoramibacter alactolyticus	0
species	Pseudovibrio sp. FO-BEG1	0
species	Pseudovibrio sp. JE062	0
species	Pseudoxanthomonas spadix	0
species	Pseudoxanthomonas suwonensis	0
species	Psychrobacter arcticus	0
species	Psychrobacter cryohalolentis	0
species	Psychrobacter sp. 1501(2011)	0
species	Psychrobacter sp. PRwf-1	0
species	Psychroflexus torquis	0
species	Psychromonas ingrahamii	0
species	Psychromonas sp. CNPT3	0
species	Pusillimonas sp. T7-7	0
species	Pyramidobacter piscolens	0
species	Pyrobaculum aerophilum	0
species	Pyrobaculum arsenaticum	0
species	Pyrobaculum calidifontis	0
species	Pyrobaculum islandicum	0
species	Pyrobaculum neutrophilum	0
species	Pyrobaculum oguniense	0
species	Pyrobaculum sp. 1860	0
species	Pyrococcus abyssi	0
species	Pyrococcus furiosus	0
species	Pyrococcus horikoshii	0
species	Pyrococcus sp. NA2	0
species	Pyrococcus yayanosii	0
species	Pyrolobus fumarii	0
species	Rahnella aquatilis	0
species	Rahnella sp. Y9602	0
species	Ralstonia pickettii	0
species	Ralstonia solanacearum	0
species	Ralstonia sp. 5_7_47FAA	0
species	Ramlibacter tataouinensis	0
species	Raphidiopsis brookii	0
species	Reinekea blandensis	0
species	Renibacterium salmoninarum	0
species	Rheinheimera sp. A13L	0
species	Rhizobium etli	0
species	Rhizobium leguminosarum	0
species	Rhodobacter capsulatus	0
species	Rhodobacter sp. SW2	0
species	Rhodobacter sphaeroides	0
species	Rhodobacteraceae bacterium HTCC2083	0
species	Rhodobacteraceae bacterium HTCC2150	0
species	Rhodobacteraceae bacterium KLH11	0
species	Rhodobacterales bacterium HTCC2255	0
species	Rhodobacterales bacterium Y4I	0
species	Rhodococcus equi	0
species	Rhodococcus erythropolis	0
species	Rhodococcus jostii	0
species	Rhodococcus opacus	0
species	Rhodomicrobium vannielii	0
species	Rhodopirellula baltica	0
species	Rhodopseudomonas palustris	0
species	Rhodospirillum centenum	0
species	Rhodospirillum rubrum	0
species	Rhodothermus marinus	0
species	Rickettsia africae	0
species	Rickettsia akari	0
species	Rickettsia bellii	0
species	Rickettsia canadensis	0
species	Rickettsia conorii	0
species	Rickettsia endosymbiont of Ixodes scapularis	0
species	Rickettsia felis	0
species	Rickettsia heilongjiangensis	0
species	Rickettsia japonica	0
species	Rickettsia massiliae	0
species	Rickettsia peacockii	0
species	Rickettsia philipii	0
species	Rickettsia prowazekii	0
species	Rickettsia rickettsii	0
species	Rickettsia sibirica	0
species	Rickettsia slovaca	0
species	Rickettsia typhi	0
species	Rickettsiella grylli	0
species	Riemerella anatipestifer	0
species	Robiginitalea biformata	0
species	Roseburia hominis	0
species	Roseburia intestinalis	0
species	Roseburia inulinivorans	0
species	Roseibium sp. TrichSKD4	0
species	Roseiflexus castenholzii	0
species	Roseiflexus sp. RS-1	0
species	Roseobacter denitrificans	0
species	Roseobacter litoralis	0
species	Roseobacter sp. AzwK-3b	0
species	Roseobacter sp. CCS2	0
species	Roseobacter sp. GAI101	0
species	Roseobacter sp. MED193	0
species	Roseobacter sp. SK209-2-6	0
species	Roseovarius nubinhibens	0
species	Roseovarius sp. 217	0
species	Roseovarius sp. TM1035	0
species	Rothia dentocariosa	0
species	Rothia mucilaginosa	0
species	Rubrivivax benzoatilyticus	0
species	Rubrobacter xylanophilus	0
species	Ruegeria lacuscaerulensis	0
species	Ruegeria pomeroyi	0
species	Ruegeria sp. R11	0
species	Ruegeria sp. TM1040	0
species	Ruminococcaceae bacterium D16	0
species	Ruminococcus albus	0
species	Ruminococcus bromii	0
species	Ruminococcus champanellensis	0
species	Ruminococcus flavefaciens	0
species	Ruminococcus gnavus	0
species	Ruminococcus lactaris	0
species	Ruminococcus obeum	0
species	Ruminococcus sp. 5_1_39BFAA	0
species	Ruminococcus sp. SR1/5	0
species	Ruminococcus torques	0
species	Runella slithyformis	0
species	Saccharomonospora viridis	0
species	Saccharophagus degradans	0
species	Saccharopolyspora erythraea	0
species	Sagittula stellata	0
species	Salinibacter ruber	0
species	Salinisphaera shabanensis	0
species	Salinispora arenicola	0
species	Salinispora tropica	0
species	Salmonella bongori	0
species	Salmonella enterica	0
species	Sanguibacter keddieii	0
species	Scardovia inopinata	0
species	Sebaldella termitidis	0
species	Segniliparus rotundus	0
species	Segniliparus rugosus	0
species	Selenomonas artemidis	0
species	Selenomonas flueggei	0
species	Selenomonas noxia	0
species	Selenomonas sp. oral taxon 137	0
species	Selenomonas sp. oral taxon 149	0
species	Selenomonas sputigena	0
species	Serratia odorifera	0
species	Serratia plymuthica	0
species	Serratia proteamaculans	0
species	Serratia sp. AS12	0
species	Serratia sp. AS13	0
species	Serratia symbiotica	0
species	Shewanella amazonensis	0
species	Shewanella baltica	0
species	Shewanella benthica	0
species	Shewanella denitrificans	0
species	Shewanella frigidimarina	0
species	Shewanella halifaxensis	0
species	Shewanella loihica	0
species	Shewanella oneidensis	0
species	Shewanella pealeana	0
species	Shewanella piezotolerans	0
species	Shewanella putrefaciens	0
species	Shewanella sediminis	0
species	Shewanella sp. ANA-3	0
species	Shewanella sp. HN-41	0
species	Shewanella sp. MR-4	0
species	Shewanella sp. MR-7	0
species	Shewanella sp. W3-18-1	0
species	Shewanella violacea	0
species	Shewanella woodyi	0
species	Shigella boydii	0
species	Shigella dysenteriae	0
species	Shigella flexneri	0
species	Shigella sonnei	0
species	Shigella sp. D9	0
species	Shuttleworthia satelles	0
species	Sideroxydans lithotrophicus	0
species	Silicibacter sp. TrichCH4B	0
species	Simkania negevensis	0
species	Simonsiella muelleri	0
species	Sinorhizobium fredii	0
species	Sinorhizobium medicae	0
species	Sinorhizobium meliloti	0
species	Slackia exigua	0
species	Slackia heliotrinireducens	0
species	Sodalis glossinidius	0
species	Solobacterium moorei	0
species	Sorangium cellulosum	0
species	Sphaerobacter thermophilus	0
species	Sphaerochaeta coccoides	0
species	Sphaerochaeta globosa	0
species	Sphaerochaeta pleomorpha	0
species	Sphingobacterium sp. 21	0
species	Sphingobacterium spiritivorum	0
species	Sphingobium chlorophenolicum	0
species	Sphingobium japonicum	0
species	Sphingobium sp. SYK-6	0
species	Sphingomonas sp. S17	0
species	Sphingomonas sp. SKA58	0
species	Sphingomonas wittichii	0
species	Sphingopyxis alaskensis	0
species	Spirochaeta smaragdinae	0
species	Spirochaeta thermophila	0
species	Spirosoma linguale	0
species	Sporosarcina newyorkensis	0
species	Stackebrandtia nassauensis	0
species	Staphylococcus aureus	0
species	Staphylococcus capitis	0
species	Staphylococcus caprae	0
species	Staphylococcus carnosus	0
species	Staphylococcus epidermidis	0
species	Staphylococcus haemolyticus	0
species	Staphylococcus hominis	0
species	Staphylococcus lugdunensis	0
species	Staphylococcus pseudintermedius	0
species	Staphylococcus saprophyticus	0
species	Staphylococcus warneri	0
species	Staphylothermus hellenicus	0
species	Staphylothermus marinus	0
species	Starkeya novella	0
species	Stenotrophomonas maltophilia	0
species	Stenotrophomonas sp. SKA14	0
species	Stigmatella aurantiaca	0
species	Streptobacillus moniliformis	0
species	Streptococcus agalactiae	0
species	Streptococcus anginosus	0
species	Streptococcus australis	0
species	Streptococcus constellatus	0
species	Streptococcus criceti	0
species	Streptococcus cristatus	0
species	Streptococcus downei	0
species	Streptococcus dysgalactiae	0
species	Streptococcus equi	0
species	Streptococcus equinus	0
species	Streptococcus gallolyticus	0
species	Streptococcus gordonii	0
species	Streptococcus ictaluri	0
species	Streptococcus infantarius	0
species	Streptococcus infantis	0
species	Streptococcus macacae	0
species	Streptococcus macedonicus	0
species	Streptococcus mitis	0
species	Streptococcus mutans	0
species	Streptococcus oralis	0
species	Streptococcus parasanguinis	0
species	Streptococcus parauberis	0
species	Streptococcus pasteurianus	0
species	Streptococcus peroris	0
species	Streptococcus pneumoniae	0
species	Streptococcus porcinus	0
species	Streptococcus pseudopneumoniae	0
species	Streptococcus pseudoporcinus	0
species	Streptococcus pyogenes	0
species	Streptococcus salivarius	0
species	Streptococcus sanguinis	0
species	Streptococcus sp. 2_1_36FAA	0
species	Streptococcus sp. C150	0
species	Streptococcus sp. C300	0
species	Streptococcus sp. M143	0
species	Streptococcus sp. M334	0
species	Streptococcus sp. oral taxon 056	0
species	Streptococcus sp. oral taxon 071	0
species	Streptococcus suis	0
species	Streptococcus thermophilus	0
species	Streptococcus uberis	0
species	Streptococcus urinalis	0
species	Streptococcus vestibularis	0
species	Streptomyces albus	0
species	Streptomyces avermitilis	0
species	Streptomyces bingchenggensis	0
species	Streptomyces cattleya	0
species	Streptomyces clavuligerus	0
species	Streptomyces coelicolor	0
species	Streptomyces filamentosus	0
species	Streptomyces flavogriseus	0
species	Streptomyces ghanaensis	0
species	Streptomyces griseoaurantiacus	0
species	Streptomyces griseoflavus	0
species	Streptomyces griseus	0
species	Streptomyces himastatinicus	0
species	Streptomyces hygroscopicus	0
species	Streptomyces lividans	0
species	Streptomyces pristinaespiralis	0
species	Streptomyces scabiei	0
species	Streptomyces sp. AA4	0
species	Streptomyces sp. C	0
species	Streptomyces sp. Mg1	0
species	Streptomyces sp. SA3_actG	0
species	Streptomyces sp. SPB74	0
species	Streptomyces sp. SPB78	0
species	Streptomyces sp. SirexAA-E	0
species	Streptomyces sp. Tu6071	0
species	Streptomyces sp. e14	0
species	Streptomyces sviceus	0
species	Streptomyces violaceusniger	0
species	Streptomyces viridochromogenes	0
species	Streptosporangium roseum	0
species	Subdoligranulum variabile	0
species	Succinatimonas hippei	0
species	Sulfitobacter sp. EE-36	0
species	Sulfitobacter sp. NAS-14.1	0
species	Sulfobacillus acidophilus	0
species	Sulfolobus acidocaldarius	0
species	Sulfolobus islandicus	0
species	Sulfolobus solfataricus	0
species	Sulfolobus tokodaii	0
species	Sulfuricurvum kujiense	0
species	Sulfurihydrogenibium azorense	0
species	Sulfurihydrogenibium sp. YO3AOP1	0
species	Sulfurimonas autotrophica	0
species	Sulfurimonas denitrificans	0
species	Sulfurospirillum deleyianum	0
species	Sulfurovum sp. NBC37-1	0
species	Sutterella wadsworthensis	0
species	Symbiobacterium thermophilum	0
species	Synechococcus elongatus	0
species	Synechococcus sp. BL107	0
species	Synechococcus sp. CB0101	0
species	Synechococcus sp. CB0205	0
species	Synechococcus sp. CC9311	0
species	Synechococcus sp. CC9605	0
species	Synechococcus sp. CC9902	0
species	Synechococcus sp. JA-2-3B'a(2-13)	0
species	Synechococcus sp. JA-3-3Ab	0
species	Synechococcus sp. PCC 7002	0
species	Synechococcus sp. PCC 7335	0
species	Synechococcus sp. RCC307	0
species	Synechococcus sp. RS9916	0
species	Synechococcus sp. RS9917	0
species	Synechococcus sp. WH 5701	0
species	Synechococcus sp. WH 7803	0
species	Synechococcus sp. WH 7805	0
species	Synechococcus sp. WH 8102	0
species	Synechococcus sp. WH 8109	0
species	Synechocystis sp. PCC 6803	0
species	Syntrophobacter fumaroxidans	0
species	Syntrophobotulus glycolicus	0
species	Syntrophomonas wolfei	0
species	Syntrophothermus lipocalidus	0
species	Syntrophus aciditrophicus	0
species	Tannerella forsythia	0
species	Taylorella asinigenitalis	0
species	Taylorella equigenitalis	0
species	Tepidanaerobacter acetatoxydans	0
species	Teredinibacter turnerae	0
species	Terriglobus saanensis	0
species	Tetragenococcus halophilus	0
species	Thalassiobium sp. R2A62	0
species	Thauera sp. MZ1T	0
species	Thermaerobacter marianensis	0
species	Thermaerobacter subterraneus	0
species	Thermanaerovibrio acidaminovorans	0
species	Thermincola potens	0
species	Thermoanaerobacter brockii	0
species	Thermoanaerobacter ethanolicus	0
species	Thermoanaerobacter italicus	0
species	Thermoanaerobacter mathranii	0
species	Thermoanaerobacter pseudethanolicus	0
species	Thermoanaerobacter sp. X513	0
species	Thermoanaerobacter sp. X514	0
species	Thermoanaerobacter sp. X561	0
species	Thermoanaerobacter wiegelii	0
species	Thermoanaerobacterium thermosaccharolyticum	0
species	Thermoanaerobacterium xylanolyticum	0
species	Thermobaculum terrenum	0
species	Thermobifida fusca	0
species	Thermobispora bispora	0
species	Thermococcus barophilus	0
species	Thermococcus gammatolerans	0
species	Thermococcus kodakarensis	0
species	Thermococcus onnurineus	0
species	Thermococcus sibiricus	0
species	Thermococcus sp. 4557	0
species	Thermococcus sp. AM4	0
species	Thermocrinis albus	0
species	Thermodesulfatator indicus	0
species	Thermodesulfobacterium geofontis	0
species	Thermodesulfobium narugense	0
species	Thermodesulfovibrio yellowstonii	0
species	Thermofilum pendens	0
species	Thermomicrobium roseum	0
species	Thermomonospora curvata	0
species	Thermoplasma acidophilum	0
species	Thermoplasma volcanium	0
species	Thermoproteus tenax	0
species	Thermoproteus uzoniensis	0
species	Thermosediminibacter oceani	0
species	Thermosinus carboxydivorans	0
species	Thermosipho africanus	0
species	Thermosipho melanesiensis	0
species	Thermosphaera aggregans	0
species	Thermosynechococcus elongatus	0
species	Thermotoga lettingae	0
species	Thermotoga maritima	0
species	Thermotoga naphthophila	0
species	Thermotoga neapolitana	0
species	Thermotoga petrophila	0
species	Thermotoga sp. RQ2	0
species	Thermotoga thermarum	0
species	Thermovibrio ammonificans	0
species	Thermovirga lienii	0
species	Thermus aquaticus	0
species	Thermus scotoductus	0
species	Thermus sp. CCB_US3_UF1	0
species	Thermus thermophilus	0
species	Thioalkalimicrobium cyclicum	0
species	Thioalkalivibrio sp. K90mix	0
species	Thioalkalivibrio sulfidophilus	0
species	Thiobacillus denitrificans	0
species	Thiomicrospira crunogena	0
species	Thiomonas intermedia	0
species	Thiomonas sp. 3As	0
species	Tolumonas auensis	0
species	Treponema azotonutricium	0
species	Treponema brennaborense	0
species	Treponema caldaria	0
species	Treponema denticola	0
species	Treponema pallidum	0
species	Treponema paraluiscuniculi	0
species	Treponema phagedenis	0
species	Treponema primitia	0
species	Treponema succinifaciens	0
species	Treponema vincentii	0
species	Trichodesmium erythraeum	0
species	Trichormus azollae	0
species	Tropheryma whipplei	0
species	Truepera radiovictrix	0
species	Tsukamurella paurometabola	0
species	Turicibacter sanguinis	0
species	Turicibacter sp. HGF1	0
species	Ureaplasma parvum	0
species	Ureaplasma urealyticum	0
species	Variovorax paradoxus	0
species	Veillonella atypica	0
species	Veillonella dispar	0
species	Veillonella parvula	0
species	Veillonella sp. 3_1_44	0
species	Veillonella sp. 6_1_27	0
species	Veillonella sp. oral taxon 158	0
species	Veillonella sp. oral taxon 780	0
species	Verminephrobacter eiseniae	0
species	Verrucomicrobiae bacterium DG1235	0
species	Verrucomicrobium spinosum	0
species	Verrucosispora maris	0
species	Vibrio alginolyticus	0
species	Vibrio anguillarum	0
species	Vibrio brasiliensis	0
species	Vibrio campbellii	0
species	Vibrio caribbenthicus	0
species	Vibrio cholerae	0
species	Vibrio coralliilyticus	0
species	Vibrio furnissii	0
species	Vibrio harveyi	0
species	Vibrio metschnikovii	0
species	Vibrio mimicus	0
species	Vibrio orientalis	0
species	Vibrio parahaemolyticus	0
species	Vibrio scophthalmi	0
species	Vibrio shilonii	0
species	Vibrio sinaloensis	0
species	Vibrio sp. EJY3	0
species	Vibrio sp. Ex25	0
species	Vibrio sp. N418	0
species	Vibrio sp. RC341	0
species	Vibrio sp. RC586	0
species	Vibrio splendidus	0
species	Vibrio tubiashii	0
species	Vibrio vulnificus	0
species	Vibrionales bacterium SWAT-3	0
species	Victivallis vadensis	0
species	Vulcanisaeta distributa	0
species	Vulcanisaeta moutnovskia	0
species	Waddlia chondrophila	0
species	Weeksella virosa	0
species	Weissella cibaria	0
species	Weissella koreensis	0
species	Weissella paramesenteroides	0
species	Wigglesworthia glossinidia	0
species	Wolbachia endosymbiont of Brugia malayi	0
species	Wolbachia endosymbiont of Culex quinquefasciatus	0
species	Wolbachia endosymbiont of Drosophila melanogaster	0
species	Wolbachia sp. wRi	0
species	Wolinella succinogenes	0
species	Xanthobacter autotrophicus	0
species	Xanthomonas alfalfae	0
species	Xanthomonas campestris	0
species	Xanthomonas citri	0
species	Xanthomonas euvesicatoria	0
species	Xanthomonas oryzae	0
species	Xenorhabdus bovienii	0
species	Xenorhabdus nematophila	0
species	Xylanimonas cellulosilytica	0
species	Xylella fastidiosa	0
species	Yersinia enterocolitica	0
species	Yersinia pestis	0
species	Yersinia pseudotuberculosis	0
species	Zunongwangia profunda	0
species	Zymomonas mobilis	0
species	alpha proteobacterium BAL199	0
species	alpha proteobacterium HIMB114	0
species	beta proteobacterium KB13	0
species	butyrate-producing bacterium SS3/4	0
species	butyrate-producing bacterium SSC/2	0
species	cyanobacterium UCYN-A	0
species	gamma proteobacterium HTCC2207	0
species	gamma proteobacterium HTCC5015	0
species	gamma proteobacterium HdN1	0
species	gamma proteobacterium IMCC3088	0
species	gamma proteobacterium NOR5-3	0
species	halophilic archaeon DL31	0
species	marine actinobacterium PHSC20C1	0
species	marine gamma proteobacterium HTCC2080	0
species	marine gamma proteobacterium HTCC2143	0
species	marine gamma proteobacterium HTCC2148	0
species	uncultured Termite group 1 bacterium	0
species	uncultured marine group II euryarchaeote	0
species	unidentified eubacterium SCB49	0
